<?xml version="1.0" encoding="UTF-8"?>
<testsuite xmlns:xsi="http://www.w3.org/2001/XMLSchema-instance" xsi:noNamespaceSchemaLocation="https://maven.apache.org/surefire/maven-surefire-plugin/xsd/surefire-test-report.xsd" name="com.exterro.SpringBootRelationshipApplicationTests" time="6.905" tests="1" errors="0" skipped="0" failures="0">
  <properties>
    <property name="java.specification.version" value="17"/>
    <property name="sun.cpu.isalist" value="amd64"/>
    <property name="sun.jnu.encoding" value="Cp1252"/>
    <property name="java.class.path" value="D:\LibraryManagementEclipse\SpringBootRelationship-copy3last\target\test-classes;D:\LibraryManagementEclipse\SpringBootRelationship-copy3last\target\classes;C:\Users\vsubramani\.m2\repository\org\springframework\boot\spring-boot-starter-web\3.0.6\spring-boot-starter-web-3.0.6.jar;C:\Users\vsubramani\.m2\repository\org\springframework\boot\spring-boot-starter\3.0.6\spring-boot-starter-3.0.6.jar;C:\Users\vsubramani\.m2\repository\org\springframework\boot\spring-boot-starter-logging\3.0.6\spring-boot-starter-logging-3.0.6.jar;C:\Users\vsubramani\.m2\repository\ch\qos\logback\logback-classic\1.4.7\logback-classic-1.4.7.jar;C:\Users\vsubramani\.m2\repository\ch\qos\logback\logback-core\1.4.7\logback-core-1.4.7.jar;C:\Users\vsubramani\.m2\repository\org\apache\logging\log4j\log4j-to-slf4j\2.19.0\log4j-to-slf4j-2.19.0.jar;C:\Users\vsubramani\.m2\repository\org\slf4j\jul-to-slf4j\2.0.7\jul-to-slf4j-2.0.7.jar;C:\Users\vsubramani\.m2\repository\jakarta\annotation\jakarta.annotation-api\2.1.1\jakarta.annotation-api-2.1.1.jar;C:\Users\vsubramani\.m2\repository\org\yaml\snakeyaml\1.33\snakeyaml-1.33.jar;C:\Users\vsubramani\.m2\repository\org\springframework\boot\spring-boot-starter-json\3.0.6\spring-boot-starter-json-3.0.6.jar;C:\Users\vsubramani\.m2\repository\com\fasterxml\jackson\datatype\jackson-datatype-jdk8\2.14.2\jackson-datatype-jdk8-2.14.2.jar;C:\Users\vsubramani\.m2\repository\com\fasterxml\jackson\datatype\jackson-datatype-jsr310\2.14.2\jackson-datatype-jsr310-2.14.2.jar;C:\Users\vsubramani\.m2\repository\com\fasterxml\jackson\module\jackson-module-parameter-names\2.14.2\jackson-module-parameter-names-2.14.2.jar;C:\Users\vsubramani\.m2\repository\org\springframework\boot\spring-boot-starter-tomcat\3.0.6\spring-boot-starter-tomcat-3.0.6.jar;C:\Users\vsubramani\.m2\repository\org\apache\tomcat\embed\tomcat-embed-core\10.1.8\tomcat-embed-core-10.1.8.jar;C:\Users\vsubramani\.m2\repository\org\apache\tomcat\embed\tomcat-embed-el\10.1.8\tomcat-embed-el-10.1.8.jar;C:\Users\vsubramani\.m2\repository\org\apache\tomcat\embed\tomcat-embed-websocket\10.1.8\tomcat-embed-websocket-10.1.8.jar;C:\Users\vsubramani\.m2\repository\org\springframework\spring-web\6.0.8\spring-web-6.0.8.jar;C:\Users\vsubramani\.m2\repository\org\springframework\spring-beans\6.0.8\spring-beans-6.0.8.jar;C:\Users\vsubramani\.m2\repository\io\micrometer\micrometer-observation\1.10.6\micrometer-observation-1.10.6.jar;C:\Users\vsubramani\.m2\repository\io\micrometer\micrometer-commons\1.10.6\micrometer-commons-1.10.6.jar;C:\Users\vsubramani\.m2\repository\org\springframework\spring-webmvc\6.0.8\spring-webmvc-6.0.8.jar;C:\Users\vsubramani\.m2\repository\org\springframework\spring-aop\6.0.8\spring-aop-6.0.8.jar;C:\Users\vsubramani\.m2\repository\org\springframework\spring-context\6.0.8\spring-context-6.0.8.jar;C:\Users\vsubramani\.m2\repository\org\springframework\spring-expression\6.0.8\spring-expression-6.0.8.jar;C:\Users\vsubramani\.m2\repository\org\springframework\boot\spring-boot-devtools\3.0.6\spring-boot-devtools-3.0.6.jar;C:\Users\vsubramani\.m2\repository\org\springframework\boot\spring-boot\3.0.6\spring-boot-3.0.6.jar;C:\Users\vsubramani\.m2\repository\org\springframework\boot\spring-boot-autoconfigure\3.0.6\spring-boot-autoconfigure-3.0.6.jar;C:\Users\vsubramani\.m2\repository\com\microsoft\sqlserver\mssql-jdbc\11.2.3.jre17\mssql-jdbc-11.2.3.jre17.jar;C:\Users\vsubramani\.m2\repository\org\springframework\boot\spring-boot-starter-test\3.0.6\spring-boot-starter-test-3.0.6.jar;C:\Users\vsubramani\.m2\repository\org\springframework\boot\spring-boot-test\3.0.6\spring-boot-test-3.0.6.jar;C:\Users\vsubramani\.m2\repository\org\springframework\boot\spring-boot-test-autoconfigure\3.0.6\spring-boot-test-autoconfigure-3.0.6.jar;C:\Users\vsubramani\.m2\repository\com\jayway\jsonpath\json-path\2.7.0\json-path-2.7.0.jar;C:\Users\vsubramani\.m2\repository\net\minidev\json-smart\2.4.10\json-smart-2.4.10.jar;C:\Users\vsubramani\.m2\repository\net\minidev\accessors-smart\2.4.9\accessors-smart-2.4.9.jar;C:\Users\vsubramani\.m2\repository\org\ow2\asm\asm\9.3\asm-9.3.jar;C:\Users\vsubramani\.m2\repository\jakarta\xml\bind\jakarta.xml.bind-api\4.0.0\jakarta.xml.bind-api-4.0.0.jar;C:\Users\vsubramani\.m2\repository\jakarta\activation\jakarta.activation-api\2.1.1\jakarta.activation-api-2.1.1.jar;C:\Users\vsubramani\.m2\repository\org\assertj\assertj-core\3.23.1\assertj-core-3.23.1.jar;C:\Users\vsubramani\.m2\repository\net\bytebuddy\byte-buddy\1.12.23\byte-buddy-1.12.23.jar;C:\Users\vsubramani\.m2\repository\org\hamcrest\hamcrest\2.2\hamcrest-2.2.jar;C:\Users\vsubramani\.m2\repository\org\junit\jupiter\junit-jupiter\5.9.2\junit-jupiter-5.9.2.jar;C:\Users\vsubramani\.m2\repository\org\junit\jupiter\junit-jupiter-api\5.9.2\junit-jupiter-api-5.9.2.jar;C:\Users\vsubramani\.m2\repository\org\opentest4j\opentest4j\1.2.0\opentest4j-1.2.0.jar;C:\Users\vsubramani\.m2\repository\org\junit\platform\junit-platform-commons\1.9.2\junit-platform-commons-1.9.2.jar;C:\Users\vsubramani\.m2\repository\org\apiguardian\apiguardian-api\1.1.2\apiguardian-api-1.1.2.jar;C:\Users\vsubramani\.m2\repository\org\junit\jupiter\junit-jupiter-params\5.9.2\junit-jupiter-params-5.9.2.jar;C:\Users\vsubramani\.m2\repository\org\junit\jupiter\junit-jupiter-engine\5.9.2\junit-jupiter-engine-5.9.2.jar;C:\Users\vsubramani\.m2\repository\org\junit\platform\junit-platform-engine\1.9.2\junit-platform-engine-1.9.2.jar;C:\Users\vsubramani\.m2\repository\org\mockito\mockito-core\4.8.1\mockito-core-4.8.1.jar;C:\Users\vsubramani\.m2\repository\net\bytebuddy\byte-buddy-agent\1.12.23\byte-buddy-agent-1.12.23.jar;C:\Users\vsubramani\.m2\repository\org\objenesis\objenesis\3.2\objenesis-3.2.jar;C:\Users\vsubramani\.m2\repository\org\mockito\mockito-junit-jupiter\4.8.1\mockito-junit-jupiter-4.8.1.jar;C:\Users\vsubramani\.m2\repository\org\skyscreamer\jsonassert\1.5.1\jsonassert-1.5.1.jar;C:\Users\vsubramani\.m2\repository\com\vaadin\external\google\android-json\0.0.20131108.vaadin1\android-json-0.0.20131108.vaadin1.jar;C:\Users\vsubramani\.m2\repository\org\springframework\spring-core\6.0.8\spring-core-6.0.8.jar;C:\Users\vsubramani\.m2\repository\org\springframework\spring-jcl\6.0.8\spring-jcl-6.0.8.jar;C:\Users\vsubramani\.m2\repository\org\springframework\spring-test\6.0.8\spring-test-6.0.8.jar;C:\Users\vsubramani\.m2\repository\org\xmlunit\xmlunit-core\2.9.1\xmlunit-core-2.9.1.jar;C:\Users\vsubramani\.m2\repository\org\apache\solr\solr-solrj\9.3.0\solr-solrj-9.3.0.jar;C:\Users\vsubramani\.m2\repository\org\eclipse\jetty\http2\http2-client\11.0.15\http2-client-11.0.15.jar;C:\Users\vsubramani\.m2\repository\org\eclipse\jetty\http2\http2-common\11.0.15\http2-common-11.0.15.jar;C:\Users\vsubramani\.m2\repository\org\eclipse\jetty\http2\http2-hpack\11.0.15\http2-hpack-11.0.15.jar;C:\Users\vsubramani\.m2\repository\org\eclipse\jetty\jetty-alpn-client\11.0.15\jetty-alpn-client-11.0.15.jar;C:\Users\vsubramani\.m2\repository\org\apache\httpcomponents\httpmime\4.5.14\httpmime-4.5.14.jar;C:\Users\vsubramani\.m2\repository\org\slf4j\slf4j-api\2.0.7\slf4j-api-2.0.7.jar;C:\Users\vsubramani\.m2\repository\org\eclipse\jetty\http2\http2-http-client-transport\11.0.15\http2-http-client-transport-11.0.15.jar;C:\Users\vsubramani\.m2\repository\org\eclipse\jetty\jetty-http\11.0.15\jetty-http-11.0.15.jar;C:\Users\vsubramani\.m2\repository\org\eclipse\jetty\jetty-client\11.0.15\jetty-client-11.0.15.jar;C:\Users\vsubramani\.m2\repository\org\eclipse\jetty\jetty-util\11.0.15\jetty-util-11.0.15.jar;C:\Users\vsubramani\.m2\repository\org\eclipse\jetty\jetty-io\11.0.15\jetty-io-11.0.15.jar;C:\Users\vsubramani\.m2\repository\org\apache\httpcomponents\httpclient\4.5.14\httpclient-4.5.14.jar;C:\Users\vsubramani\.m2\repository\commons-codec\commons-codec\1.15\commons-codec-1.15.jar;C:\Users\vsubramani\.m2\repository\org\apache\httpcomponents\httpcore\4.4.16\httpcore-4.4.16.jar;C:\Users\vsubramani\.m2\repository\org\slf4j\jcl-over-slf4j\2.0.7\jcl-over-slf4j-2.0.7.jar;C:\Users\vsubramani\.m2\repository\org\eclipse\jetty\jetty-alpn-java-client\11.0.15\jetty-alpn-java-client-11.0.15.jar;C:\Users\vsubramani\.m2\repository\org\apache\solr\solr-solrj-streaming\9.3.0\solr-solrj-streaming-9.3.0.jar;C:\Users\vsubramani\.m2\repository\org\apache\commons\commons-math3\3.6.1\commons-math3-3.6.1.jar;C:\Users\vsubramani\.m2\repository\org\apache\solr\solr-solrj-zookeeper\9.3.0\solr-solrj-zookeeper-9.3.0.jar;C:\Users\vsubramani\.m2\repository\org\apache\zookeeper\zookeeper\3.8.1\zookeeper-3.8.1.jar;C:\Users\vsubramani\.m2\repository\io\netty\netty-handler\4.1.91.Final\netty-handler-4.1.91.Final.jar;C:\Users\vsubramani\.m2\repository\io\netty\netty-common\4.1.91.Final\netty-common-4.1.91.Final.jar;C:\Users\vsubramani\.m2\repository\io\netty\netty-resolver\4.1.91.Final\netty-resolver-4.1.91.Final.jar;C:\Users\vsubramani\.m2\repository\io\netty\netty-buffer\4.1.91.Final\netty-buffer-4.1.91.Final.jar;C:\Users\vsubramani\.m2\repository\io\netty\netty-transport\4.1.91.Final\netty-transport-4.1.91.Final.jar;C:\Users\vsubramani\.m2\repository\io\netty\netty-transport-native-unix-common\4.1.91.Final\netty-transport-native-unix-common-4.1.91.Final.jar;C:\Users\vsubramani\.m2\repository\io\netty\netty-codec\4.1.91.Final\netty-codec-4.1.91.Final.jar;C:\Users\vsubramani\.m2\repository\io\netty\netty-transport-native-epoll\4.1.91.Final\netty-transport-native-epoll-4.1.91.Final.jar;C:\Users\vsubramani\.m2\repository\io\netty\netty-transport-classes-epoll\4.1.91.Final\netty-transport-classes-epoll-4.1.91.Final.jar;C:\Users\vsubramani\.m2\repository\org\apache\zookeeper\zookeeper-jute\3.8.1\zookeeper-jute-3.8.1.jar;C:\Users\vsubramani\.m2\repository\com\fasterxml\jackson\core\jackson-databind\2.14.2\jackson-databind-2.14.2.jar;C:\Users\vsubramani\.m2\repository\com\fasterxml\jackson\core\jackson-annotations\2.14.2\jackson-annotations-2.14.2.jar;C:\Users\vsubramani\.m2\repository\com\fasterxml\jackson\core\jackson-core\2.14.2\jackson-core-2.14.2.jar;C:\Users\vsubramani\.m2\repository\org\projectlombok\lombok\1.18.26\lombok-1.18.26.jar;C:\Users\vsubramani\.m2\repository\com\exterro\edrm\collector\Confluence-Collector\internal.5.24\Confluence-Collector-internal.5.24.jar;C:\Users\vsubramani\.m2\repository\com\exterro\edrm\collector\collector-api\internal.5.24\collector-api-internal.5.24.jar;C:\Users\vsubramani\.m2\repository\com\exterro\edrm\commons\internal.5.24\commons-internal.5.24.jar;C:\Users\vsubramani\.m2\repository\com\exterro\jcifs\jcifs\1.3.18.b1\jcifs-1.3.18.b1.jar;C:\Users\vsubramani\.m2\repository\javax\servlet\javax.servlet-api\3.1.0\javax.servlet-api-3.1.0.jar;C:\Users\vsubramani\.m2\repository\com\hierynomus\smbj\0.10.0\smbj-0.10.0.jar;C:\Users\vsubramani\.m2\repository\net\engio\mbassador\1.3.0\mbassador-1.3.0.jar;C:\Users\vsubramani\.m2\repository\com\hierynomus\asn-one\0.4.0\asn-one-0.4.0.jar;C:\Users\vsubramani\.m2\repository\com\exterro\fusion\coreSecurity\5.24_02212023\coreSecurity-5.24_02212023.jar;C:\Users\vsubramani\.m2\repository\com\visuality\nq\jnq\2.3.1\jnq-2.3.1.jar;C:\Users\vsubramani\.m2\repository\org\apache\commons\commons-exec\1.3\commons-exec-1.3.jar;C:\Users\vsubramani\.m2\repository\org\apache\commons\commons-compress\1.23.0\commons-compress-1.23.0.jar;C:\Users\vsubramani\.m2\repository\joda-time\joda-time\2.12.5\joda-time-2.12.5.jar;C:\Users\vsubramani\.m2\repository\com\googlecode\concurrentlinkedhashmap\concurrentlinkedhashmap-lru\1.4.2\concurrentlinkedhashmap-lru-1.4.2.jar;C:\Users\vsubramani\.m2\repository\uk\com\robust-it\cloning\1.9.12\cloning-1.9.12.jar;C:\Users\vsubramani\.m2\repository\org\zeroturnaround\zt-exec\1.12\zt-exec-1.12.jar;C:\Users\vsubramani\.m2\repository\org\apache\avro\avro\1.11.1\avro-1.11.1.jar;C:\Users\vsubramani\.m2\repository\org\apache\commons\commons-pool2\2.11.1\commons-pool2-2.11.1.jar;C:\Users\vsubramani\.m2\repository\org\codehaus\jettison\jettison\1.5.4\jettison-1.5.4.jar;C:\Users\vsubramani\.m2\repository\org\json\json\20230227\json-20230227.jar;C:\Users\vsubramani\.m2\repository\com\univocity\univocity-parsers\2.9.1\univocity-parsers-2.9.1.jar;C:\Users\vsubramani\.m2\repository\com\joestelmach\natty\0.13\natty-0.13.jar;C:\Users\vsubramani\.m2\repository\org\antlr\antlr-runtime\3.5.2\antlr-runtime-3.5.2.jar;C:\Users\vsubramani\.m2\repository\org\mnode\ical4j\ical4j\1.0.2\ical4j-1.0.2.jar;C:\Users\vsubramani\.m2\repository\backport-util-concurrent\backport-util-concurrent\3.1\backport-util-concurrent-3.1.jar;C:\Users\vsubramani\.m2\repository\com\exterro\fusion\platformTO\5.24_02212023\platformTO-5.24_02212023.jar;C:\Users\vsubramani\.m2\repository\com\exterro\fusion\platformCommon\5.24_02212023\platformCommon-5.24_02212023.jar;C:\Users\vsubramani\.m2\repository\com\sun\jersey\jersey-bundle\1.19.4\jersey-bundle-1.19.4.jar;C:\Users\vsubramani\.m2\repository\org\bouncycastle\bcprov-jdk15on\1.70\bcprov-jdk15on-1.70.jar;C:\Users\vsubramani\.m2\repository\org\bouncycastle\bcpkix-jdk15on\1.70\bcpkix-jdk15on-1.70.jar;C:\Users\vsubramani\.m2\repository\org\bouncycastle\bcutil-jdk15on\1.70\bcutil-jdk15on-1.70.jar;C:\Users\vsubramani\.m2\repository\org\bouncycastle\bcmail-jdk15on\1.70\bcmail-jdk15on-1.70.jar;C:\Users\vsubramani\.m2\repository\com\googlecode\json-simple\json-simple\1.1.1\json-simple-1.1.1.jar;C:\Users\vsubramani\.m2\repository\com\amazonaws\aws-java-sdk-ec2\1.12.435\aws-java-sdk-ec2-1.12.435.jar;C:\Users\vsubramani\.m2\repository\com\amazonaws\aws-java-sdk-core\1.12.435\aws-java-sdk-core-1.12.435.jar;C:\Users\vsubramani\.m2\repository\software\amazon\ion\ion-java\1.0.2\ion-java-1.0.2.jar;C:\Users\vsubramani\.m2\repository\com\fasterxml\jackson\dataformat\jackson-dataformat-cbor\2.14.2\jackson-dataformat-cbor-2.14.2.jar;C:\Users\vsubramani\.m2\repository\com\amazonaws\jmespath-java\1.12.435\jmespath-java-1.12.435.jar;C:\Users\vsubramani\.m2\repository\com\amazonaws\aws-java-sdk-sts\1.12.435\aws-java-sdk-sts-1.12.435.jar;C:\Users\vsubramani\.m2\repository\com\amazonaws\aws-java-sdk-s3\1.12.435\aws-java-sdk-s3-1.12.435.jar;C:\Users\vsubramani\.m2\repository\com\amazonaws\aws-java-sdk-kms\1.12.435\aws-java-sdk-kms-1.12.435.jar;C:\Users\vsubramani\.m2\repository\com\sun\xml\bind\jaxb-impl\4.0.2\jaxb-impl-4.0.2.jar;C:\Users\vsubramani\.m2\repository\com\sun\xml\bind\jaxb-core\4.0.2\jaxb-core-4.0.2.jar;C:\Users\vsubramani\.m2\repository\org\eclipse\angus\angus-activation\2.0.0\angus-activation-2.0.0.jar;C:\Users\vsubramani\.m2\repository\org\apache\hadoop\hadoop-common\3.3.5\hadoop-common-3.3.5.jar;C:\Users\vsubramani\.m2\repository\org\apache\hadoop\thirdparty\hadoop-shaded-protobuf_3_7\1.1.1\hadoop-shaded-protobuf_3_7-1.1.1.jar;C:\Users\vsubramani\.m2\repository\org\apache\hadoop\hadoop-annotations\3.3.5\hadoop-annotations-3.3.5.jar;C:\Users\vsubramani\.m2\repository\org\apache\hadoop\thirdparty\hadoop-shaded-guava\1.1.1\hadoop-shaded-guava-1.1.1.jar;C:\Users\vsubramani\.m2\repository\commons-net\commons-net\3.9.0\commons-net-3.9.0.jar;C:\Users\vsubramani\.m2\repository\javax\servlet\jsp\jsp-api\2.1\jsp-api-2.1.jar;C:\Users\vsubramani\.m2\repository\com\sun\jersey\jersey-core\1.19.4\jersey-core-1.19.4.jar;C:\Users\vsubramani\.m2\repository\com\sun\jersey\jersey-servlet\1.19.4\jersey-servlet-1.19.4.jar;C:\Users\vsubramani\.m2\repository\com\github\pjfanning\jersey-json\1.20\jersey-json-1.20.jar;C:\Users\vsubramani\.m2\repository\com\sun\jersey\jersey-server\1.19.4\jersey-server-1.19.4.jar;C:\Users\vsubramani\.m2\repository\org\apache\commons\commons-configuration2\2.8.0\commons-configuration2-2.8.0.jar;C:\Users\vsubramani\.m2\repository\com\google\re2j\re2j\1.1\re2j-1.1.jar;C:\Users\vsubramani\.m2\repository\com\google\protobuf\protobuf-java\2.5.0\protobuf-java-2.5.0.jar;C:\Users\vsubramani\.m2\repository\org\apache\hadoop\hadoop-auth\3.3.5\hadoop-auth-3.3.5.jar;C:\Users\vsubramani\.m2\repository\com\nimbusds\nimbus-jose-jwt\9.8.1\nimbus-jose-jwt-9.8.1.jar;C:\Users\vsubramani\.m2\repository\com\github\stephenc\jcip\jcip-annotations\1.0-1\jcip-annotations-1.0-1.jar;C:\Users\vsubramani\.m2\repository\org\apache\kerby\kerb-simplekdc\1.0.1\kerb-simplekdc-1.0.1.jar;C:\Users\vsubramani\.m2\repository\org\apache\kerby\kerb-client\1.0.1\kerb-client-1.0.1.jar;C:\Users\vsubramani\.m2\repository\org\apache\kerby\kerby-config\1.0.1\kerby-config-1.0.1.jar;C:\Users\vsubramani\.m2\repository\org\apache\kerby\kerb-common\1.0.1\kerb-common-1.0.1.jar;C:\Users\vsubramani\.m2\repository\org\apache\kerby\kerb-crypto\1.0.1\kerb-crypto-1.0.1.jar;C:\Users\vsubramani\.m2\repository\org\apache\kerby\kerb-util\1.0.1\kerb-util-1.0.1.jar;C:\Users\vsubramani\.m2\repository\org\apache\kerby\token-provider\1.0.1\token-provider-1.0.1.jar;C:\Users\vsubramani\.m2\repository\org\apache\kerby\kerb-admin\1.0.1\kerb-admin-1.0.1.jar;C:\Users\vsubramani\.m2\repository\org\apache\kerby\kerb-server\1.0.1\kerb-server-1.0.1.jar;C:\Users\vsubramani\.m2\repository\org\apache\kerby\kerb-identity\1.0.1\kerb-identity-1.0.1.jar;C:\Users\vsubramani\.m2\repository\org\apache\kerby\kerby-xdr\1.0.1\kerby-xdr-1.0.1.jar;C:\Users\vsubramani\.m2\repository\com\jcraft\jsch\0.1.55\jsch-0.1.55.jar;C:\Users\vsubramani\.m2\repository\org\apache\curator\curator-client\4.2.0\curator-client-4.2.0.jar;C:\Users\vsubramani\.m2\repository\org\apache\kerby\kerb-core\1.0.1\kerb-core-1.0.1.jar;C:\Users\vsubramani\.m2\repository\org\apache\kerby\kerby-pkix\1.0.1\kerby-pkix-1.0.1.jar;C:\Users\vsubramani\.m2\repository\org\apache\kerby\kerby-asn1\1.0.1\kerby-asn1-1.0.1.jar;C:\Users\vsubramani\.m2\repository\org\apache\kerby\kerby-util\1.0.1\kerby-util-1.0.1.jar;C:\Users\vsubramani\.m2\repository\org\codehaus\woodstox\stax2-api\4.2.1\stax2-api-4.2.1.jar;C:\Users\vsubramani\.m2\repository\dnsjava\dnsjava\2.1.7\dnsjava-2.1.7.jar;C:\Users\vsubramani\.m2\repository\org\xerial\snappy\snappy-java\1.1.8.2\snappy-java-1.1.8.2.jar;C:\Users\vsubramani\.m2\repository\org\apache\commons\commons-text\1.10.0\commons-text-1.10.0.jar;C:\Users\vsubramani\.m2\repository\commons-beanutils\commons-beanutils\1.9.4\commons-beanutils-1.9.4.jar;C:\Users\vsubramani\.m2\repository\org\eclipse\jetty\jetty-servlet\11.0.15\jetty-servlet-11.0.15.jar;C:\Users\vsubramani\.m2\repository\org\eclipse\jetty\jetty-security\11.0.15\jetty-security-11.0.15.jar;C:\Users\vsubramani\.m2\repository\org\eclipse\jetty\jetty-webapp\11.0.15\jetty-webapp-11.0.15.jar;C:\Users\vsubramani\.m2\repository\org\eclipse\jetty\jetty-xml\11.0.15\jetty-xml-11.0.15.jar;C:\Users\vsubramani\.m2\repository\org\eclipse\jetty\jetty-server\11.0.15\jetty-server-11.0.15.jar;C:\Users\vsubramani\.m2\repository\org\eclipse\jetty\toolchain\jetty-jakarta-servlet-api\5.0.2\jetty-jakarta-servlet-api-5.0.2.jar;C:\Users\vsubramani\.m2\repository\com\fasterxml\woodstox\woodstox-core\6.5.1\woodstox-core-6.5.1.jar;C:\Users\vsubramani\.m2\repository\com\exterro\fusion\exterro-custom-esapi\5.24_02212023\exterro-custom-esapi-5.24_02212023.jar;C:\Users\vsubramani\.m2\repository\com\google\cloud\google-cloud-compute\1.23.0\google-cloud-compute-1.23.0.jar;C:\Users\vsubramani\.m2\repository\com\google\api\api-common\2.6.3\api-common-2.6.3.jar;C:\Users\vsubramani\.m2\repository\com\google\auto\value\auto-value-annotations\1.10.1\auto-value-annotations-1.10.1.jar;C:\Users\vsubramani\.m2\repository\com\google\auto\value\auto-value\1.10.1\auto-value-1.10.1.jar;C:\Users\vsubramani\.m2\repository\javax\annotation\javax.annotation-api\1.3.2\javax.annotation-api-1.3.2.jar;C:\Users\vsubramani\.m2\repository\com\google\api\grpc\proto-google-cloud-compute-v1\1.23.0\proto-google-cloud-compute-v1-1.23.0.jar;C:\Users\vsubramani\.m2\repository\com\google\api\gax\2.23.3\gax-2.23.3.jar;C:\Users\vsubramani\.m2\repository\com\google\auth\google-auth-library-credentials\1.16.0\google-auth-library-credentials-1.16.0.jar;C:\Users\vsubramani\.m2\repository\io\opencensus\opencensus-api\0.31.1\opencensus-api-0.31.1.jar;C:\Users\vsubramani\.m2\repository\io\grpc\grpc-context\1.53.0\grpc-context-1.53.0.jar;C:\Users\vsubramani\.m2\repository\com\google\auth\google-auth-library-oauth2-http\1.16.0\google-auth-library-oauth2-http-1.16.0.jar;C:\Users\vsubramani\.m2\repository\com\google\api\gax-grpc\2.23.3\gax-grpc-2.23.3.jar;C:\Users\vsubramani\.m2\repository\io\grpc\grpc-api\1.53.0\grpc-api-1.53.0.jar;C:\Users\vsubramani\.m2\repository\io\grpc\grpc-alts\1.53.0\grpc-alts-1.53.0.jar;C:\Users\vsubramani\.m2\repository\io\grpc\grpc-grpclb\1.53.0\grpc-grpclb-1.53.0.jar;C:\Users\vsubramani\.m2\repository\org\conscrypt\conscrypt-openjdk-uber\2.5.2\conscrypt-openjdk-uber-2.5.2.jar;C:\Users\vsubramani\.m2\repository\io\grpc\grpc-auth\1.53.0\grpc-auth-1.53.0.jar;C:\Users\vsubramani\.m2\repository\io\grpc\grpc-protobuf\1.53.0\grpc-protobuf-1.53.0.jar;C:\Users\vsubramani\.m2\repository\io\grpc\grpc-protobuf-lite\1.53.0\grpc-protobuf-lite-1.53.0.jar;C:\Users\vsubramani\.m2\repository\io\grpc\grpc-stub\1.53.0\grpc-stub-1.53.0.jar;C:\Users\vsubramani\.m2\repository\io\grpc\grpc-netty-shaded\1.53.0\grpc-netty-shaded-1.53.0.jar;C:\Users\vsubramani\.m2\repository\io\perfmark\perfmark-api\0.26.0\perfmark-api-0.26.0.jar;C:\Users\vsubramani\.m2\repository\io\grpc\grpc-core\1.53.0\grpc-core-1.53.0.jar;C:\Users\vsubramani\.m2\repository\com\google\android\annotations\4.1.1.4\annotations-4.1.1.4.jar;C:\Users\vsubramani\.m2\repository\org\codehaus\mojo\animal-sniffer-annotations\1.22\animal-sniffer-annotations-1.22.jar;C:\Users\vsubramani\.m2\repository\io\grpc\grpc-googleapis\1.53.0\grpc-googleapis-1.53.0.jar;C:\Users\vsubramani\.m2\repository\io\grpc\grpc-xds\1.53.0\grpc-xds-1.53.0.jar;C:\Users\vsubramani\.m2\repository\io\opencensus\opencensus-proto\0.2.0\opencensus-proto-0.2.0.jar;C:\Users\vsubramani\.m2\repository\io\grpc\grpc-services\1.53.0\grpc-services-1.53.0.jar;C:\Users\vsubramani\.m2\repository\com\google\api\gax-httpjson\0.108.3\gax-httpjson-0.108.3.jar;C:\Users\vsubramani\.m2\repository\com\google\http-client\google-http-client\1.43.1\google-http-client-1.43.1.jar;C:\Users\vsubramani\.m2\repository\io\opencensus\opencensus-contrib-http-util\0.31.1\opencensus-contrib-http-util-0.31.1.jar;C:\Users\vsubramani\.m2\repository\com\google\http-client\google-http-client-gson\1.43.1\google-http-client-gson-1.43.1.jar;C:\Users\vsubramani\.m2\repository\com\google\protobuf\protobuf-java-util\3.21.12\protobuf-java-util-3.21.12.jar;C:\Users\vsubramani\.m2\repository\org\threeten\threetenbp\1.6.5\threetenbp-1.6.5.jar;C:\Users\vsubramani\.m2\repository\com\google\api\grpc\proto-google-common-protos\2.14.3\proto-google-common-protos-2.14.3.jar;C:\Users\vsubramani\.m2\repository\com\google\api-client\google-api-client\2.2.0\google-api-client-2.2.0.jar;C:\Users\vsubramani\.m2\repository\com\google\http-client\google-http-client-apache-v2\1.42.3\google-http-client-apache-v2-1.42.3.jar;C:\Users\vsubramani\.m2\repository\com\google\oauth-client\google-oauth-client\1.33.3\google-oauth-client-1.33.3.jar;C:\Users\vsubramani\.m2\repository\com\google\apis\google-api-services-compute\v1-rev20230307-2.0.0\google-api-services-compute-v1-rev20230307-2.0.0.jar;C:\Users\vsubramani\.m2\repository\com\squareup\okhttp3\okhttp\4.10.0\okhttp-4.10.0.jar;C:\Users\vsubramani\.m2\repository\com\squareup\okio\okio-jvm\3.0.0\okio-jvm-3.0.0.jar;C:\Users\vsubramani\.m2\repository\org\jetbrains\kotlin\kotlin-stdlib-jdk8\1.7.22\kotlin-stdlib-jdk8-1.7.22.jar;C:\Users\vsubramani\.m2\repository\org\jetbrains\kotlin\kotlin-stdlib-jdk7\1.7.22\kotlin-stdlib-jdk7-1.7.22.jar;C:\Users\vsubramani\.m2\repository\org\jetbrains\kotlin\kotlin-stdlib-common\1.7.22\kotlin-stdlib-common-1.7.22.jar;C:\Users\vsubramani\.m2\repository\org\jetbrains\kotlin\kotlin-stdlib\1.7.22\kotlin-stdlib-1.7.22.jar;C:\Users\vsubramani\.m2\repository\org\jetbrains\annotations\13.0\annotations-13.0.jar;C:\Users\vsubramani\.m2\repository\com\google\http-client\google-http-client-jackson2\1.40.1\google-http-client-jackson2-1.40.1.jar;C:\Users\vsubramani\.m2\repository\com\exterro\edrm\collector\collector-common\internal.5.24\collector-common-internal.5.24.jar;C:\Users\vsubramani\.m2\repository\com\exterro\edrm\nativestore\nativestore-api\internal.5.24\nativestore-api-internal.5.24.jar;C:\Users\vsubramani\.m2\repository\com\profesorfalken\jPowerShell\3.1.1.e7\jPowerShell-3.1.1.e7.jar;C:\Users\vsubramani\.m2\repository\org\jsoup\jsoup\1.15.4\jsoup-1.15.4.jar;C:\Users\vsubramani\.m2\repository\com\exterro\edrm\collector\collector-core\internal.5.24\collector-core-internal.5.24.jar;C:\Users\vsubramani\.m2\repository\com\exterro\edrm\collector\core-services\internal.5.24\core-services-internal.5.24.jar;C:\Users\vsubramani\.m2\repository\org\apache\tika\tika-core\2.8.0\tika-core-2.8.0.jar;C:\Users\vsubramani\.m2\repository\org\apache\xmlbeans\xmlbeans\5.1.1\xmlbeans-5.1.1.jar;C:\Users\vsubramani\.m2\repository\org\apache\tika\tika-parsers-standard-package\2.8.0\tika-parsers-standard-package-2.8.0.jar;C:\Users\vsubramani\.m2\repository\org\apache\tika\tika-parser-apple-module\2.8.0\tika-parser-apple-module-2.8.0.jar;C:\Users\vsubramani\.m2\repository\org\apache\tika\tika-parser-zip-commons\2.8.0\tika-parser-zip-commons-2.8.0.jar;C:\Users\vsubramani\.m2\repository\com\googlecode\plist\dd-plist\1.27\dd-plist-1.27.jar;C:\Users\vsubramani\.m2\repository\org\apache\tika\tika-parser-audiovideo-module\2.8.0\tika-parser-audiovideo-module-2.8.0.jar;C:\Users\vsubramani\.m2\repository\org\apache\tika\tika-parser-cad-module\2.8.0\tika-parser-cad-module-2.8.0.jar;C:\Users\vsubramani\.m2\repository\org\apache\tika\tika-parser-code-module\2.8.0\tika-parser-code-module-2.8.0.jar;C:\Users\vsubramani\.m2\repository\org\codelibs\jhighlight\1.1.0\jhighlight-1.1.0.jar;C:\Users\vsubramani\.m2\repository\org\ccil\cowan\tagsoup\tagsoup\1.2.1\tagsoup-1.2.1.jar;C:\Users\vsubramani\.m2\repository\com\epam\parso\2.0.14\parso-2.0.14.jar;C:\Users\vsubramani\.m2\repository\org\tallison\jmatio\1.5\jmatio-1.5.jar;C:\Users\vsubramani\.m2\repository\org\apache\tika\tika-parser-crypto-module\2.8.0\tika-parser-crypto-module-2.8.0.jar;C:\Users\vsubramani\.m2\repository\org\bouncycastle\bcmail-jdk18on\1.73\bcmail-jdk18on-1.73.jar;C:\Users\vsubramani\.m2\repository\org\bouncycastle\bcutil-jdk18on\1.73\bcutil-jdk18on-1.73.jar;C:\Users\vsubramani\.m2\repository\org\bouncycastle\bcpkix-jdk18on\1.73\bcpkix-jdk18on-1.73.jar;C:\Users\vsubramani\.m2\repository\org\bouncycastle\bcprov-jdk18on\1.73\bcprov-jdk18on-1.73.jar;C:\Users\vsubramani\.m2\repository\org\apache\tika\tika-parser-digest-commons\2.8.0\tika-parser-digest-commons-2.8.0.jar;C:\Users\vsubramani\.m2\repository\org\apache\tika\tika-parser-font-module\2.8.0\tika-parser-font-module-2.8.0.jar;C:\Users\vsubramani\.m2\repository\org\apache\tika\tika-parser-html-module\2.8.0\tika-parser-html-module-2.8.0.jar;C:\Users\vsubramani\.m2\repository\org\apache\tika\tika-parser-image-module\2.8.0\tika-parser-image-module-2.8.0.jar;C:\Users\vsubramani\.m2\repository\com\github\jai-imageio\jai-imageio-core\1.4.0\jai-imageio-core-1.4.0.jar;C:\Users\vsubramani\.m2\repository\org\apache\pdfbox\jbig2-imageio\3.0.4\jbig2-imageio-3.0.4.jar;C:\Users\vsubramani\.m2\repository\org\apache\tika\tika-parser-mail-module\2.8.0\tika-parser-mail-module-2.8.0.jar;C:\Users\vsubramani\.m2\repository\org\apache\tika\tika-parser-mail-commons\2.8.0\tika-parser-mail-commons-2.8.0.jar;C:\Users\vsubramani\.m2\repository\org\apache\james\apache-mime4j-dom\0.8.9\apache-mime4j-dom-0.8.9.jar;C:\Users\vsubramani\.m2\repository\org\apache\tika\tika-parser-microsoft-module\2.8.0\tika-parser-microsoft-module-2.8.0.jar;C:\Users\vsubramani\.m2\repository\com\pff\java-libpst\0.9.3\java-libpst-0.9.3.jar;C:\Users\vsubramani\.m2\repository\org\apache\poi\poi-scratchpad\5.2.3\poi-scratchpad-5.2.3.jar;C:\Users\vsubramani\.m2\repository\org\apache\poi\poi-ooxml\5.2.3\poi-ooxml-5.2.3.jar;C:\Users\vsubramani\.m2\repository\org\apache\poi\poi-ooxml-lite\5.2.3\poi-ooxml-lite-5.2.3.jar;C:\Users\vsubramani\.m2\repository\com\github\virtuald\curvesapi\1.07\curvesapi-1.07.jar;C:\Users\vsubramani\.m2\repository\com\healthmarketscience\jackcess\jackcess\4.0.5\jackcess-4.0.5.jar;C:\Users\vsubramani\.m2\repository\com\healthmarketscience\jackcess\jackcess-encrypt\4.0.2\jackcess-encrypt-4.0.2.jar;C:\Users\vsubramani\.m2\repository\org\apache\tika\tika-parser-miscoffice-module\2.8.0\tika-parser-miscoffice-module-2.8.0.jar;C:\Users\vsubramani\.m2\repository\org\glassfish\jaxb\jaxb-runtime\4.0.2\jaxb-runtime-4.0.2.jar;C:\Users\vsubramani\.m2\repository\org\glassfish\jaxb\jaxb-core\4.0.2\jaxb-core-4.0.2.jar;C:\Users\vsubramani\.m2\repository\org\glassfish\jaxb\txw2\4.0.2\txw2-4.0.2.jar;C:\Users\vsubramani\.m2\repository\com\sun\istack\istack-commons-runtime\4.1.1\istack-commons-runtime-4.1.1.jar;C:\Users\vsubramani\.m2\repository\org\apache\tika\tika-parser-news-module\2.8.0\tika-parser-news-module-2.8.0.jar;C:\Users\vsubramani\.m2\repository\com\rometools\rome\1.19.0\rome-1.19.0.jar;C:\Users\vsubramani\.m2\repository\com\rometools\rome-utils\1.19.0\rome-utils-1.19.0.jar;C:\Users\vsubramani\.m2\repository\org\apache\tika\tika-parser-ocr-module\2.8.0\tika-parser-ocr-module-2.8.0.jar;C:\Users\vsubramani\.m2\repository\org\apache\tika\tika-parser-pdf-module\2.8.0\tika-parser-pdf-module-2.8.0.jar;C:\Users\vsubramani\.m2\repository\org\apache\pdfbox\pdfbox-tools\2.0.28\pdfbox-tools-2.0.28.jar;C:\Users\vsubramani\.m2\repository\org\apache\pdfbox\jempbox\1.8.17\jempbox-1.8.17.jar;C:\Users\vsubramani\.m2\repository\org\apache\tika\tika-parser-pkg-module\2.8.0\tika-parser-pkg-module-2.8.0.jar;C:\Users\vsubramani\.m2\repository\org\brotli\dec\0.1.2\dec-0.1.2.jar;C:\Users\vsubramani\.m2\repository\org\apache\tika\tika-parser-text-module\2.8.0\tika-parser-text-module-2.8.0.jar;C:\Users\vsubramani\.m2\repository\com\github\albfernandez\juniversalchardet\2.4.0\juniversalchardet-2.4.0.jar;C:\Users\vsubramani\.m2\repository\org\apache\commons\commons-csv\1.10.0\commons-csv-1.10.0.jar;C:\Users\vsubramani\.m2\repository\org\apache\tika\tika-parser-webarchive-module\2.8.0\tika-parser-webarchive-module-2.8.0.jar;C:\Users\vsubramani\.m2\repository\org\netpreserve\jwarc\0.21.0\jwarc-0.21.0.jar;C:\Users\vsubramani\.m2\repository\org\apache\tika\tika-parser-xml-module\2.8.0\tika-parser-xml-module-2.8.0.jar;C:\Users\vsubramani\.m2\repository\org\apache\tika\tika-parser-xmp-commons\2.8.0\tika-parser-xmp-commons-2.8.0.jar;C:\Users\vsubramani\.m2\repository\org\apache\pdfbox\xmpbox\2.0.28\xmpbox-2.0.28.jar;C:\Users\vsubramani\.m2\repository\org\gagravarr\vorbis-java-tika\0.8\vorbis-java-tika-0.8.jar;C:\Users\vsubramani\.m2\repository\org\gagravarr\vorbis-java-core\0.8\vorbis-java-core-0.8.jar;C:\Users\vsubramani\.m2\repository\com\drewnoakes\metadata-extractor\2.18.0\metadata-extractor-2.18.0.jar;C:\Users\vsubramani\.m2\repository\com\adobe\xmp\xmpcore\6.1.11\xmpcore-6.1.11.jar;C:\Users\vsubramani\.m2\repository\org\jdom\jdom2\2.0.6.1\jdom2-2.0.6.1.jar;C:\Users\vsubramani\.m2\repository\com\github\junrar\junrar\7.5.4\junrar-7.5.4.jar;C:\Users\vsubramani\.m2\repository\xerces\xercesImpl\2.12.2\xercesImpl-2.12.2.jar;C:\Users\vsubramani\.m2\repository\xml-apis\xml-apis\1.4.01\xml-apis-1.4.01.jar;C:\Users\vsubramani\.m2\repository\com\exterro\edrm\indexstore\indexstore-api\internal.5.24\indexstore-api-internal.5.24.jar;C:\Users\vsubramani\.m2\repository\com\exterro\edrm\externals\langdetect\1.3.1\langdetect-1.3.1.jar;C:\Users\vsubramani\.m2\repository\com\exterro\edrm\collector\redis\internal.5.24\redis-internal.5.24.jar;C:\Users\vsubramani\.m2\repository\com\exterro\edrm\k2contentstore-api\internal.5.24\k2contentstore-api-internal.5.24.jar;C:\Users\vsubramani\.m2\repository\com\amazonaws\aws-java-sdk-dynamodb\1.12.435\aws-java-sdk-dynamodb-1.12.435.jar;C:\Users\vsubramani\.m2\repository\com\exterro\logger\logger-coc-api\internal.5.24\logger-coc-api-internal.5.24.jar;C:\Users\vsubramani\.m2\repository\com\exterro\edrm\data\management\to\dataManagementTO\internal.5.24\dataManagementTO-internal.5.24.jar;C:\Users\vsubramani\.m2\repository\com\exterro\fusion\coreTO\5.24_02212023\coreTO-5.24_02212023.jar;C:\Users\vsubramani\.m2\repository\org\hibernate\javax\persistence\hibernate-jpa-2.0-api\1.0.1.Final\hibernate-jpa-2.0-api-1.0.1.Final.jar;C:\Users\vsubramani\.m2\repository\com\exterro\logger\logger-coc-core-cql3\internal.5.24\logger-coc-core-cql3-internal.5.24.jar;C:\Users\vsubramani\.m2\repository\com\datastax\cassandra\cassandra-driver-core\3.11.3\cassandra-driver-core-3.11.3.jar;C:\Users\vsubramani\.m2\repository\io\dropwizard\metrics\metrics-core\4.2.18\metrics-core-4.2.18.jar;C:\Users\vsubramani\.m2\repository\com\github\jnr\jnr-ffi\2.1.7\jnr-ffi-2.1.7.jar;C:\Users\vsubramani\.m2\repository\com\github\jnr\jffi\1.2.16\jffi-1.2.16.jar;C:\Users\vsubramani\.m2\repository\com\github\jnr\jffi\1.2.16\jffi-1.2.16-native.jar;C:\Users\vsubramani\.m2\repository\org\ow2\asm\asm-commons\5.0.3\asm-commons-5.0.3.jar;C:\Users\vsubramani\.m2\repository\org\ow2\asm\asm-analysis\5.0.3\asm-analysis-5.0.3.jar;C:\Users\vsubramani\.m2\repository\org\ow2\asm\asm-tree\5.0.3\asm-tree-5.0.3.jar;C:\Users\vsubramani\.m2\repository\org\ow2\asm\asm-util\5.0.3\asm-util-5.0.3.jar;C:\Users\vsubramani\.m2\repository\com\github\jnr\jnr-x86asm\1.0.2\jnr-x86asm-1.0.2.jar;C:\Users\vsubramani\.m2\repository\com\github\jnr\jnr-posix\3.1.16\jnr-posix-3.1.16.jar;C:\Users\vsubramani\.m2\repository\com\github\jnr\jnr-constants\0.10.4\jnr-constants-0.10.4.jar;C:\Users\vsubramani\.m2\repository\com\datastax\cassandra\cassandra-driver-extras\3.11.3\cassandra-driver-extras-3.11.3.jar;C:\Users\vsubramani\.m2\repository\com\datastax\cassandra\cassandra-driver-mapping\3.11.3\cassandra-driver-mapping-3.11.3.jar;C:\Users\vsubramani\.m2\repository\com\exterro\edrm\production\production-common\internal.5.24\production-common-internal.5.24.jar;C:\Users\vsubramani\.m2\repository\com\itextpdf\itextpdf\5.5.13.3\itextpdf-5.5.13.3.jar;C:\Users\vsubramani\.m2\repository\com\aspose\aspose-email\21.3\aspose-email-21.3-jdk16.jar;C:\Users\vsubramani\.m2\repository\com\itextpdf\itext-licensekey\3.0.0\itext-licensekey-3.0.0.jar;C:\Users\vsubramani\.m2\repository\org\atteo\xml-combiner\3.0.0\xml-combiner-3.0.0.jar;C:\Users\vsubramani\.m2\repository\com\opencsv\opencsv\5.7.1\opencsv-5.7.1.jar;C:\Users\vsubramani\.m2\repository\org\apache\commons\commons-collections4\4.4\commons-collections4-4.4.jar;C:\Users\vsubramani\.m2\repository\io\netty\netty-all\4.1.91.Final\netty-all-4.1.91.Final.jar;C:\Users\vsubramani\.m2\repository\io\netty\netty-codec-dns\4.1.91.Final\netty-codec-dns-4.1.91.Final.jar;C:\Users\vsubramani\.m2\repository\io\netty\netty-codec-haproxy\4.1.91.Final\netty-codec-haproxy-4.1.91.Final.jar;C:\Users\vsubramani\.m2\repository\io\netty\netty-codec-http\4.1.91.Final\netty-codec-http-4.1.91.Final.jar;C:\Users\vsubramani\.m2\repository\io\netty\netty-codec-http2\4.1.91.Final\netty-codec-http2-4.1.91.Final.jar;C:\Users\vsubramani\.m2\repository\io\netty\netty-codec-memcache\4.1.91.Final\netty-codec-memcache-4.1.91.Final.jar;C:\Users\vsubramani\.m2\repository\io\netty\netty-codec-mqtt\4.1.91.Final\netty-codec-mqtt-4.1.91.Final.jar;C:\Users\vsubramani\.m2\repository\io\netty\netty-codec-redis\4.1.91.Final\netty-codec-redis-4.1.91.Final.jar;C:\Users\vsubramani\.m2\repository\io\netty\netty-codec-smtp\4.1.91.Final\netty-codec-smtp-4.1.91.Final.jar;C:\Users\vsubramani\.m2\repository\io\netty\netty-codec-socks\4.1.91.Final\netty-codec-socks-4.1.91.Final.jar;C:\Users\vsubramani\.m2\repository\io\netty\netty-codec-stomp\4.1.91.Final\netty-codec-stomp-4.1.91.Final.jar;C:\Users\vsubramani\.m2\repository\io\netty\netty-codec-xml\4.1.91.Final\netty-codec-xml-4.1.91.Final.jar;C:\Users\vsubramani\.m2\repository\io\netty\netty-handler-proxy\4.1.91.Final\netty-handler-proxy-4.1.91.Final.jar;C:\Users\vsubramani\.m2\repository\io\netty\netty-handler-ssl-ocsp\4.1.91.Final\netty-handler-ssl-ocsp-4.1.91.Final.jar;C:\Users\vsubramani\.m2\repository\io\netty\netty-resolver-dns\4.1.91.Final\netty-resolver-dns-4.1.91.Final.jar;C:\Users\vsubramani\.m2\repository\io\netty\netty-transport-rxtx\4.1.91.Final\netty-transport-rxtx-4.1.91.Final.jar;C:\Users\vsubramani\.m2\repository\io\netty\netty-transport-sctp\4.1.91.Final\netty-transport-sctp-4.1.91.Final.jar;C:\Users\vsubramani\.m2\repository\io\netty\netty-transport-udt\4.1.91.Final\netty-transport-udt-4.1.91.Final.jar;C:\Users\vsubramani\.m2\repository\io\netty\netty-transport-classes-kqueue\4.1.91.Final\netty-transport-classes-kqueue-4.1.91.Final.jar;C:\Users\vsubramani\.m2\repository\io\netty\netty-resolver-dns-classes-macos\4.1.91.Final\netty-resolver-dns-classes-macos-4.1.91.Final.jar;C:\Users\vsubramani\.m2\repository\io\netty\netty-transport-native-epoll\4.1.91.Final\netty-transport-native-epoll-4.1.91.Final-linux-x86_64.jar;C:\Users\vsubramani\.m2\repository\io\netty\netty-transport-native-epoll\4.1.91.Final\netty-transport-native-epoll-4.1.91.Final-linux-aarch_64.jar;C:\Users\vsubramani\.m2\repository\io\netty\netty-transport-native-kqueue\4.1.91.Final\netty-transport-native-kqueue-4.1.91.Final-osx-x86_64.jar;C:\Users\vsubramani\.m2\repository\io\netty\netty-transport-native-kqueue\4.1.91.Final\netty-transport-native-kqueue-4.1.91.Final-osx-aarch_64.jar;C:\Users\vsubramani\.m2\repository\io\netty\netty-resolver-dns-native-macos\4.1.91.Final\netty-resolver-dns-native-macos-4.1.91.Final-osx-x86_64.jar;C:\Users\vsubramani\.m2\repository\io\netty\netty-resolver-dns-native-macos\4.1.91.Final\netty-resolver-dns-native-macos-4.1.91.Final-osx-aarch_64.jar;C:\Users\vsubramani\.m2\repository\com\github\ben-manes\caffeine\caffeine\3.1.6\caffeine-3.1.6.jar;C:\Users\vsubramani\.m2\repository\com\exterro\edrm\healthservice-client\internal.5.24\healthservice-client-internal.5.24.jar;C:\Users\vsubramani\.m2\repository\com\exterro\edrm\jpst\1.0-licensed\jpst-1.0-licensed.jar;C:\Users\vsubramani\.m2\repository\com\exterro\edrm\bandwidth-coordinator\internal.5.24\bandwidth-coordinator-internal.5.24.jar;C:\Users\vsubramani\.m2\repository\com\google\guava\guava\31.1-jre\guava-31.1-jre.jar;C:\Users\vsubramani\.m2\repository\com\google\guava\failureaccess\1.0.1\failureaccess-1.0.1.jar;C:\Users\vsubramani\.m2\repository\com\google\guava\listenablefuture\9999.0-empty-to-avoid-conflict-with-guava\listenablefuture-9999.0-empty-to-avoid-conflict-with-guava.jar;C:\Users\vsubramani\.m2\repository\com\google\code\findbugs\jsr305\3.0.2\jsr305-3.0.2.jar;C:\Users\vsubramani\.m2\repository\org\checkerframework\checker-qual\3.12.0\checker-qual-3.12.0.jar;C:\Users\vsubramani\.m2\repository\com\google\errorprone\error_prone_annotations\2.11.0\error_prone_annotations-2.11.0.jar;C:\Users\vsubramani\.m2\repository\com\google\j2objc\j2objc-annotations\1.3\j2objc-annotations-1.3.jar;C:\Users\vsubramani\.m2\repository\redis\clients\jedis\4.3.2\jedis-4.3.2.jar;C:\Users\vsubramani\.m2\repository\com\exterro\edrm\collector\dedupeservice\internal.5.24\dedupeservice-internal.5.24.jar;C:\Users\vsubramani\.m2\repository\com\exterro\edrm\collector\hashcalculator-servce\internal.5.24\hashcalculator-servce-internal.5.24.jar;C:\Users\vsubramani\.m2\repository\com\exterro\edrm\collector\denist-service\internal.5.24\denist-service-internal.5.24.jar;C:\Users\vsubramani\.m2\repository\org\apache\lucene\lucene-core\7.7.2\lucene-core-7.7.2.jar;C:\Users\vsubramani\.m2\repository\org\apache\lucene\lucene-analyzers-common\7.7.2\lucene-analyzers-common-7.7.2.jar;C:\Users\vsubramani\.m2\repository\org\apache\lucene\lucene-queryparser\7.7.2\lucene-queryparser-7.7.2.jar;C:\Users\vsubramani\.m2\repository\com\exterro\edrm\collector\collector-processor\internal.5.24\collector-processor-internal.5.24.jar;C:\Users\vsubramani\.m2\repository\org\apache\flume\flume-ng-core\1.11.0\flume-ng-core-1.11.0.jar;C:\Users\vsubramani\.m2\repository\org\apache\flume\flume-ng-sdk\1.11.0\flume-ng-sdk-1.11.0.jar;C:\Users\vsubramani\.m2\repository\org\apache\flume\flume-ng-configuration\1.11.0\flume-ng-configuration-1.11.0.jar;C:\Users\vsubramani\.m2\repository\org\apache\flume\flume-ng-config-filter-api\1.11.0\flume-ng-config-filter-api-1.11.0.jar;C:\Users\vsubramani\.m2\repository\org\apache\flume\flume-ng-auth\1.11.0\flume-ng-auth-1.11.0.jar;C:\Users\vsubramani\.m2\repository\com\jcraft\jzlib\1.1.3\jzlib-1.1.3.jar;C:\Users\vsubramani\.m2\repository\commons-cli\commons-cli\1.5.0\commons-cli-1.5.0.jar;C:\Users\vsubramani\.m2\repository\org\apache\avro\avro-ipc-netty\1.11.0\avro-ipc-netty-1.11.0.jar;C:\Users\vsubramani\.m2\repository\org\apache\avro\avro-ipc\1.11.0\avro-ipc-1.11.0.jar;C:\Users\vsubramani\.m2\repository\org\apache\velocity\velocity-engine-core\2.3\velocity-engine-core-2.3.jar;C:\Users\vsubramani\.m2\repository\org\tukaani\xz\1.9\xz-1.9.jar;C:\Users\vsubramani\.m2\repository\com\github\luben\zstd-jni\1.5.0-4\zstd-jni-1.5.0-4.jar;C:\Users\vsubramani\.m2\repository\org\apache\thrift\libthrift\0.14.1\libthrift-0.14.1.jar;C:\Users\vsubramani\.m2\repository\org\apache\mina\mina-core\2.1.5\mina-core-2.1.5.jar;C:\Users\vsubramani\.m2\repository\org\eclipse\jetty\jetty-jmx\11.0.15\jetty-jmx-11.0.15.jar;C:\Users\vsubramani\.m2\repository\org\apache\flume\flume-ng-node\1.11.0\flume-ng-node-1.11.0.jar;C:\Users\vsubramani\.m2\repository\org\apache\flume\flume-ng-sinks\flume-hdfs-sink\1.11.0\flume-hdfs-sink-1.11.0.jar;C:\Users\vsubramani\.m2\repository\org\apache\flume\flume-ng-sinks\flume-irc-sink\1.11.0\flume-irc-sink-1.11.0.jar;C:\Users\vsubramani\.m2\repository\org\schwering\irclib\1.10\irclib-1.10.jar;C:\Users\vsubramani\.m2\repository\org\apache\flume\flume-ng-channels\flume-jdbc-channel\1.11.0\flume-jdbc-channel-1.11.0.jar;C:\Users\vsubramani\.m2\repository\commons-dbcp\commons-dbcp\1.4\commons-dbcp-1.4.jar;C:\Users\vsubramani\.m2\repository\commons-pool\commons-pool\1.6\commons-pool-1.6.jar;C:\Users\vsubramani\.m2\repository\org\apache\derby\derby\10.16.1.1\derby-10.16.1.1.jar;C:\Users\vsubramani\.m2\repository\org\apache\derby\derbyshared\10.16.1.1\derbyshared-10.16.1.1.jar;C:\Users\vsubramani\.m2\repository\org\apache\flume\flume-ng-channels\flume-file-channel\1.11.0\flume-file-channel-1.11.0.jar;C:\Users\vsubramani\.m2\repository\org\mapdb\mapdb\0.9.9\mapdb-0.9.9.jar;C:\Users\vsubramani\.m2\repository\org\apache\flume\flume-ng-channels\flume-spillable-memory-channel\1.11.0\flume-spillable-memory-channel-1.11.0.jar;C:\Users\vsubramani\.m2\repository\org\apache\curator\curator-framework\5.1.0\curator-framework-5.1.0.jar;C:\Users\vsubramani\.m2\repository\org\apache\curator\curator-recipes\5.1.0\curator-recipes-5.1.0.jar;C:\Users\vsubramani\.m2\repository\com\esotericsoftware\kryo\4.0.2\kryo-4.0.2.jar;C:\Users\vsubramani\.m2\repository\com\esotericsoftware\reflectasm\1.11.3\reflectasm-1.11.3.jar;C:\Users\vsubramani\.m2\repository\com\esotericsoftware\minlog\1.3.0\minlog-1.3.0.jar;C:\Users\vsubramani\.m2\repository\com\exterro\edrm\indexstore\indexstore-client\internal.5.24\indexstore-client-internal.5.24.jar;C:\Users\vsubramani\.m2\repository\com\exterro\edrm\nativestore\networkdrive\networkdrive-extension\internal.5.24\networkdrive-extension-internal.5.24.jar;C:\Users\vsubramani\.m2\repository\com\amazonaws\aws-java-sdk-logs\1.12.435\aws-java-sdk-logs-1.12.435.jar;C:\Users\vsubramani\.m2\repository\com\exterro\edrm\ISYS11df\23.2.0.4703\ISYS11df-23.2.0.4703.jar;C:\Users\vsubramani\.m2\repository\com\amazonaws\aws-java-sdk-batch\1.12.435\aws-java-sdk-batch-1.12.435.jar;C:\Users\vsubramani\.m2\repository\com\google\cloud\google-cloud-storage\2.20.2\google-cloud-storage-2.20.2.jar;C:\Users\vsubramani\.m2\repository\com\google\apis\google-api-services-storage\v1-rev20230301-2.0.0\google-api-services-storage-v1-rev20230301-2.0.0.jar;C:\Users\vsubramani\.m2\repository\com\google\cloud\google-cloud-core\2.13.0\google-cloud-core-2.13.0.jar;C:\Users\vsubramani\.m2\repository\com\google\cloud\google-cloud-core-http\2.13.0\google-cloud-core-http-2.13.0.jar;C:\Users\vsubramani\.m2\repository\com\google\http-client\google-http-client-appengine\1.43.1\google-http-client-appengine-1.43.1.jar;C:\Users\vsubramani\.m2\repository\com\google\cloud\google-cloud-core-grpc\2.13.0\google-cloud-core-grpc-2.13.0.jar;C:\Users\vsubramani\.m2\repository\com\google\api\grpc\proto-google-iam-v1\1.9.3\proto-google-iam-v1-1.9.3.jar;C:\Users\vsubramani\.m2\repository\com\google\api\grpc\proto-google-cloud-storage-v2\2.20.2-alpha\proto-google-cloud-storage-v2-2.20.2-alpha.jar;C:\Users\vsubramani\.m2\repository\com\google\api\grpc\grpc-google-cloud-storage-v2\2.20.2-alpha\grpc-google-cloud-storage-v2-2.20.2-alpha.jar;C:\Users\vsubramani\.m2\repository\com\google\api\grpc\gapic-google-cloud-storage-v2\2.20.2-alpha\gapic-google-cloud-storage-v2-2.20.2-alpha.jar;C:\Users\vsubramani\.m2\repository\com\exterro\edrm\nativestore\api\aws\nativestore-api-aws\internal.5.24\nativestore-api-aws-internal.5.24.jar;C:\Users\vsubramani\.m2\repository\com\exterro\edrm\nativestore\api\gcp\nativestore-api-gcp\internal.5.24\nativestore-api-gcp-internal.5.24.jar;C:\Users\vsubramani\.m2\repository\net\lingala\zip4j\zip4j\2.11.5\zip4j-2.11.5.jar;C:\Users\vsubramani\.m2\repository\com\exterro\edrm\collector\basic-search-service\internal.5.24\basic-search-service-internal.5.24.jar;C:\Users\vsubramani\.m2\repository\org\apache\lucene\lucene-sandbox\7.7.2\lucene-sandbox-7.7.2.jar;C:\Users\vsubramani\.m2\repository\net\arnx\jsonic\1.3.10\jsonic-1.3.10.jar;C:\Users\vsubramani\.m2\repository\org\apache\lucene\lucene-queries\7.7.2\lucene-queries-7.7.2.jar;C:\Users\vsubramani\.m2\repository\com\exterro\external\filenet\edcemailconv\2.2.2\edcemailconv-2.2.2.jar;C:\Users\vsubramani\.m2\repository\com\exterro\external\filenet\edclog\2.2.2\edclog-2.2.2.jar;C:\Users\vsubramani\.m2\repository\com\exterro\external\filenet\edcutil\2.2.2\edcutil-2.2.2.jar;C:\Users\vsubramani\.m2\repository\javax\mail\mail\1.4.7\mail-1.4.7.jar;C:\Users\vsubramani\.m2\repository\javax\activation\activation\1.1\activation-1.1.jar;C:\Users\vsubramani\.m2\repository\com\ibm\icu\icu4j\62.2\icu4j-62.2.jar;C:\Users\vsubramani\.m2\repository\com\ibm\icu\icu4j-charset\62.2\icu4j-charset-62.2.jar;C:\Users\vsubramani\.m2\repository\com\exterro\edrm\collector\exterro-connector-driver-api\internal.5.24\exterro-connector-driver-api-internal.5.24.jar;C:\Users\vsubramani\.m2\repository\com\exterro\edrm\connector\exterro-connector-api\1.7\exterro-connector-api-1.7.jar;C:\Users\vsubramani\.m2\repository\com\exterro\edrm\connector\exterro-connector-common\1.10\exterro-connector-common-1.10.jar;C:\Users\vsubramani\.m2\repository\org\apache\pdfbox\pdfbox\2.0.27\pdfbox-2.0.27.jar;C:\Users\vsubramani\.m2\repository\org\apache\pdfbox\fontbox\2.0.27\fontbox-2.0.27.jar;C:\Users\vsubramani\.m2\repository\com\exterro\edrm\connector\confluence-server-connector\1.0.10\confluence-server-connector-1.0.10.jar;C:\Users\vsubramani\.m2\repository\com\google\code\gson\gson\2.9.1\gson-2.9.1.jar;C:\Users\vsubramani\.m2\repository\org\apache\commons\commons-lang3\3.12.0\commons-lang3-3.12.0.jar;C:\Users\vsubramani\.m2\repository\javax\ws\rs\jsr311-api\1.1.1\jsr311-api-1.1.1.jar;C:\Users\vsubramani\.m2\repository\commons-io\commons-io\2.11.0\commons-io-2.11.0.jar;C:\Users\vsubramani\.m2\repository\commons-collections\commons-collections\3.2.2\commons-collections-3.2.2.jar;C:\Users\vsubramani\.m2\repository\commons-validator\commons-validator\1.7\commons-validator-1.7.jar;C:\Users\vsubramani\.m2\repository\commons-digester\commons-digester\2.1\commons-digester-2.1.jar;C:\Users\vsubramani\.m2\repository\commons-lang\commons-lang\2.6\commons-lang-2.6.jar;C:\Users\vsubramani\.m2\repository\org\apache\logging\log4j\log4j-jcl\2.19.0\log4j-jcl-2.19.0.jar;C:\Users\vsubramani\.m2\repository\junit\junit\4.13.2\junit-4.13.2.jar;C:\Users\vsubramani\.m2\repository\org\hamcrest\hamcrest-core\2.2\hamcrest-core-2.2.jar;C:\Users\vsubramani\.m2\repository\commons-logging\commons-logging\1.2\commons-logging-1.2.jar;C:\Users\vsubramani\.m2\repository\org\apache\logging\log4j\log4j-core\2.19.0\log4j-core-2.19.0.jar;C:\Users\vsubramani\.m2\repository\org\apache\logging\log4j\log4j-api\2.19.0\log4j-api-2.19.0.jar;C:\Users\vsubramani\.m2\repository\org\apache\logging\log4j\log4j-1.2-api\2.19.0\log4j-1.2-api-2.19.0.jar;C:\Users\vsubramani\.m2\repository\org\apache\logging\log4j\log4j-slf4j-impl\2.19.0\log4j-slf4j-impl-2.19.0.jar;"/>
    <property name="java.vm.vendor" value="Eclipse Adoptium"/>
    <property name="sun.arch.data.model" value="64"/>
    <property name="user.variant" value=""/>
    <property name="java.vendor.url" value="https://adoptium.net/"/>
    <property name="user.timezone" value="Asia/Calcutta"/>
    <property name="os.name" value="Windows 10"/>
    <property name="java.vm.specification.version" value="17"/>
    <property name="sun.java.launcher" value="SUN_STANDARD"/>
    <property name="user.country" value="IN"/>
    <property name="sun.boot.library.path" value="C:\Users\vsubramani\.p2\pool\plugins\org.eclipse.justj.openjdk.hotspot.jre.full.win32.x86_64_17.0.7.v20230425-1502\jre\bin"/>
    <property name="sun.java.command" value="C:\Users\VSUBRA~1\AppData\Local\Temp\surefire5211491901990692700\surefirebooter7006062882960958774.jar C:\Users\vsubramani\AppData\Local\Temp\surefire5211491901990692700 2023-08-02T15-15-31_370-jvmRun1 surefire13530240115706335997tmp surefire_03390141107281167856tmp"/>
    <property name="jdk.debug" value="release"/>
    <property name="surefire.test.class.path" value="D:\LibraryManagementEclipse\SpringBootRelationship-copy3last\target\test-classes;D:\LibraryManagementEclipse\SpringBootRelationship-copy3last\target\classes;C:\Users\vsubramani\.m2\repository\org\springframework\boot\spring-boot-starter-web\3.0.6\spring-boot-starter-web-3.0.6.jar;C:\Users\vsubramani\.m2\repository\org\springframework\boot\spring-boot-starter\3.0.6\spring-boot-starter-3.0.6.jar;C:\Users\vsubramani\.m2\repository\org\springframework\boot\spring-boot-starter-logging\3.0.6\spring-boot-starter-logging-3.0.6.jar;C:\Users\vsubramani\.m2\repository\ch\qos\logback\logback-classic\1.4.7\logback-classic-1.4.7.jar;C:\Users\vsubramani\.m2\repository\ch\qos\logback\logback-core\1.4.7\logback-core-1.4.7.jar;C:\Users\vsubramani\.m2\repository\org\apache\logging\log4j\log4j-to-slf4j\2.19.0\log4j-to-slf4j-2.19.0.jar;C:\Users\vsubramani\.m2\repository\org\slf4j\jul-to-slf4j\2.0.7\jul-to-slf4j-2.0.7.jar;C:\Users\vsubramani\.m2\repository\jakarta\annotation\jakarta.annotation-api\2.1.1\jakarta.annotation-api-2.1.1.jar;C:\Users\vsubramani\.m2\repository\org\yaml\snakeyaml\1.33\snakeyaml-1.33.jar;C:\Users\vsubramani\.m2\repository\org\springframework\boot\spring-boot-starter-json\3.0.6\spring-boot-starter-json-3.0.6.jar;C:\Users\vsubramani\.m2\repository\com\fasterxml\jackson\datatype\jackson-datatype-jdk8\2.14.2\jackson-datatype-jdk8-2.14.2.jar;C:\Users\vsubramani\.m2\repository\com\fasterxml\jackson\datatype\jackson-datatype-jsr310\2.14.2\jackson-datatype-jsr310-2.14.2.jar;C:\Users\vsubramani\.m2\repository\com\fasterxml\jackson\module\jackson-module-parameter-names\2.14.2\jackson-module-parameter-names-2.14.2.jar;C:\Users\vsubramani\.m2\repository\org\springframework\boot\spring-boot-starter-tomcat\3.0.6\spring-boot-starter-tomcat-3.0.6.jar;C:\Users\vsubramani\.m2\repository\org\apache\tomcat\embed\tomcat-embed-core\10.1.8\tomcat-embed-core-10.1.8.jar;C:\Users\vsubramani\.m2\repository\org\apache\tomcat\embed\tomcat-embed-el\10.1.8\tomcat-embed-el-10.1.8.jar;C:\Users\vsubramani\.m2\repository\org\apache\tomcat\embed\tomcat-embed-websocket\10.1.8\tomcat-embed-websocket-10.1.8.jar;C:\Users\vsubramani\.m2\repository\org\springframework\spring-web\6.0.8\spring-web-6.0.8.jar;C:\Users\vsubramani\.m2\repository\org\springframework\spring-beans\6.0.8\spring-beans-6.0.8.jar;C:\Users\vsubramani\.m2\repository\io\micrometer\micrometer-observation\1.10.6\micrometer-observation-1.10.6.jar;C:\Users\vsubramani\.m2\repository\io\micrometer\micrometer-commons\1.10.6\micrometer-commons-1.10.6.jar;C:\Users\vsubramani\.m2\repository\org\springframework\spring-webmvc\6.0.8\spring-webmvc-6.0.8.jar;C:\Users\vsubramani\.m2\repository\org\springframework\spring-aop\6.0.8\spring-aop-6.0.8.jar;C:\Users\vsubramani\.m2\repository\org\springframework\spring-context\6.0.8\spring-context-6.0.8.jar;C:\Users\vsubramani\.m2\repository\org\springframework\spring-expression\6.0.8\spring-expression-6.0.8.jar;C:\Users\vsubramani\.m2\repository\org\springframework\boot\spring-boot-devtools\3.0.6\spring-boot-devtools-3.0.6.jar;C:\Users\vsubramani\.m2\repository\org\springframework\boot\spring-boot\3.0.6\spring-boot-3.0.6.jar;C:\Users\vsubramani\.m2\repository\org\springframework\boot\spring-boot-autoconfigure\3.0.6\spring-boot-autoconfigure-3.0.6.jar;C:\Users\vsubramani\.m2\repository\com\microsoft\sqlserver\mssql-jdbc\11.2.3.jre17\mssql-jdbc-11.2.3.jre17.jar;C:\Users\vsubramani\.m2\repository\org\springframework\boot\spring-boot-starter-test\3.0.6\spring-boot-starter-test-3.0.6.jar;C:\Users\vsubramani\.m2\repository\org\springframework\boot\spring-boot-test\3.0.6\spring-boot-test-3.0.6.jar;C:\Users\vsubramani\.m2\repository\org\springframework\boot\spring-boot-test-autoconfigure\3.0.6\spring-boot-test-autoconfigure-3.0.6.jar;C:\Users\vsubramani\.m2\repository\com\jayway\jsonpath\json-path\2.7.0\json-path-2.7.0.jar;C:\Users\vsubramani\.m2\repository\net\minidev\json-smart\2.4.10\json-smart-2.4.10.jar;C:\Users\vsubramani\.m2\repository\net\minidev\accessors-smart\2.4.9\accessors-smart-2.4.9.jar;C:\Users\vsubramani\.m2\repository\org\ow2\asm\asm\9.3\asm-9.3.jar;C:\Users\vsubramani\.m2\repository\jakarta\xml\bind\jakarta.xml.bind-api\4.0.0\jakarta.xml.bind-api-4.0.0.jar;C:\Users\vsubramani\.m2\repository\jakarta\activation\jakarta.activation-api\2.1.1\jakarta.activation-api-2.1.1.jar;C:\Users\vsubramani\.m2\repository\org\assertj\assertj-core\3.23.1\assertj-core-3.23.1.jar;C:\Users\vsubramani\.m2\repository\net\bytebuddy\byte-buddy\1.12.23\byte-buddy-1.12.23.jar;C:\Users\vsubramani\.m2\repository\org\hamcrest\hamcrest\2.2\hamcrest-2.2.jar;C:\Users\vsubramani\.m2\repository\org\junit\jupiter\junit-jupiter\5.9.2\junit-jupiter-5.9.2.jar;C:\Users\vsubramani\.m2\repository\org\junit\jupiter\junit-jupiter-api\5.9.2\junit-jupiter-api-5.9.2.jar;C:\Users\vsubramani\.m2\repository\org\opentest4j\opentest4j\1.2.0\opentest4j-1.2.0.jar;C:\Users\vsubramani\.m2\repository\org\junit\platform\junit-platform-commons\1.9.2\junit-platform-commons-1.9.2.jar;C:\Users\vsubramani\.m2\repository\org\apiguardian\apiguardian-api\1.1.2\apiguardian-api-1.1.2.jar;C:\Users\vsubramani\.m2\repository\org\junit\jupiter\junit-jupiter-params\5.9.2\junit-jupiter-params-5.9.2.jar;C:\Users\vsubramani\.m2\repository\org\junit\jupiter\junit-jupiter-engine\5.9.2\junit-jupiter-engine-5.9.2.jar;C:\Users\vsubramani\.m2\repository\org\junit\platform\junit-platform-engine\1.9.2\junit-platform-engine-1.9.2.jar;C:\Users\vsubramani\.m2\repository\org\mockito\mockito-core\4.8.1\mockito-core-4.8.1.jar;C:\Users\vsubramani\.m2\repository\net\bytebuddy\byte-buddy-agent\1.12.23\byte-buddy-agent-1.12.23.jar;C:\Users\vsubramani\.m2\repository\org\objenesis\objenesis\3.2\objenesis-3.2.jar;C:\Users\vsubramani\.m2\repository\org\mockito\mockito-junit-jupiter\4.8.1\mockito-junit-jupiter-4.8.1.jar;C:\Users\vsubramani\.m2\repository\org\skyscreamer\jsonassert\1.5.1\jsonassert-1.5.1.jar;C:\Users\vsubramani\.m2\repository\com\vaadin\external\google\android-json\0.0.20131108.vaadin1\android-json-0.0.20131108.vaadin1.jar;C:\Users\vsubramani\.m2\repository\org\springframework\spring-core\6.0.8\spring-core-6.0.8.jar;C:\Users\vsubramani\.m2\repository\org\springframework\spring-jcl\6.0.8\spring-jcl-6.0.8.jar;C:\Users\vsubramani\.m2\repository\org\springframework\spring-test\6.0.8\spring-test-6.0.8.jar;C:\Users\vsubramani\.m2\repository\org\xmlunit\xmlunit-core\2.9.1\xmlunit-core-2.9.1.jar;C:\Users\vsubramani\.m2\repository\org\apache\solr\solr-solrj\9.3.0\solr-solrj-9.3.0.jar;C:\Users\vsubramani\.m2\repository\org\eclipse\jetty\http2\http2-client\11.0.15\http2-client-11.0.15.jar;C:\Users\vsubramani\.m2\repository\org\eclipse\jetty\http2\http2-common\11.0.15\http2-common-11.0.15.jar;C:\Users\vsubramani\.m2\repository\org\eclipse\jetty\http2\http2-hpack\11.0.15\http2-hpack-11.0.15.jar;C:\Users\vsubramani\.m2\repository\org\eclipse\jetty\jetty-alpn-client\11.0.15\jetty-alpn-client-11.0.15.jar;C:\Users\vsubramani\.m2\repository\org\apache\httpcomponents\httpmime\4.5.14\httpmime-4.5.14.jar;C:\Users\vsubramani\.m2\repository\org\slf4j\slf4j-api\2.0.7\slf4j-api-2.0.7.jar;C:\Users\vsubramani\.m2\repository\org\eclipse\jetty\http2\http2-http-client-transport\11.0.15\http2-http-client-transport-11.0.15.jar;C:\Users\vsubramani\.m2\repository\org\eclipse\jetty\jetty-http\11.0.15\jetty-http-11.0.15.jar;C:\Users\vsubramani\.m2\repository\org\eclipse\jetty\jetty-client\11.0.15\jetty-client-11.0.15.jar;C:\Users\vsubramani\.m2\repository\org\eclipse\jetty\jetty-util\11.0.15\jetty-util-11.0.15.jar;C:\Users\vsubramani\.m2\repository\org\eclipse\jetty\jetty-io\11.0.15\jetty-io-11.0.15.jar;C:\Users\vsubramani\.m2\repository\org\apache\httpcomponents\httpclient\4.5.14\httpclient-4.5.14.jar;C:\Users\vsubramani\.m2\repository\commons-codec\commons-codec\1.15\commons-codec-1.15.jar;C:\Users\vsubramani\.m2\repository\org\apache\httpcomponents\httpcore\4.4.16\httpcore-4.4.16.jar;C:\Users\vsubramani\.m2\repository\org\slf4j\jcl-over-slf4j\2.0.7\jcl-over-slf4j-2.0.7.jar;C:\Users\vsubramani\.m2\repository\org\eclipse\jetty\jetty-alpn-java-client\11.0.15\jetty-alpn-java-client-11.0.15.jar;C:\Users\vsubramani\.m2\repository\org\apache\solr\solr-solrj-streaming\9.3.0\solr-solrj-streaming-9.3.0.jar;C:\Users\vsubramani\.m2\repository\org\apache\commons\commons-math3\3.6.1\commons-math3-3.6.1.jar;C:\Users\vsubramani\.m2\repository\org\apache\solr\solr-solrj-zookeeper\9.3.0\solr-solrj-zookeeper-9.3.0.jar;C:\Users\vsubramani\.m2\repository\org\apache\zookeeper\zookeeper\3.8.1\zookeeper-3.8.1.jar;C:\Users\vsubramani\.m2\repository\io\netty\netty-handler\4.1.91.Final\netty-handler-4.1.91.Final.jar;C:\Users\vsubramani\.m2\repository\io\netty\netty-common\4.1.91.Final\netty-common-4.1.91.Final.jar;C:\Users\vsubramani\.m2\repository\io\netty\netty-resolver\4.1.91.Final\netty-resolver-4.1.91.Final.jar;C:\Users\vsubramani\.m2\repository\io\netty\netty-buffer\4.1.91.Final\netty-buffer-4.1.91.Final.jar;C:\Users\vsubramani\.m2\repository\io\netty\netty-transport\4.1.91.Final\netty-transport-4.1.91.Final.jar;C:\Users\vsubramani\.m2\repository\io\netty\netty-transport-native-unix-common\4.1.91.Final\netty-transport-native-unix-common-4.1.91.Final.jar;C:\Users\vsubramani\.m2\repository\io\netty\netty-codec\4.1.91.Final\netty-codec-4.1.91.Final.jar;C:\Users\vsubramani\.m2\repository\io\netty\netty-transport-native-epoll\4.1.91.Final\netty-transport-native-epoll-4.1.91.Final.jar;C:\Users\vsubramani\.m2\repository\io\netty\netty-transport-classes-epoll\4.1.91.Final\netty-transport-classes-epoll-4.1.91.Final.jar;C:\Users\vsubramani\.m2\repository\org\apache\zookeeper\zookeeper-jute\3.8.1\zookeeper-jute-3.8.1.jar;C:\Users\vsubramani\.m2\repository\com\fasterxml\jackson\core\jackson-databind\2.14.2\jackson-databind-2.14.2.jar;C:\Users\vsubramani\.m2\repository\com\fasterxml\jackson\core\jackson-annotations\2.14.2\jackson-annotations-2.14.2.jar;C:\Users\vsubramani\.m2\repository\com\fasterxml\jackson\core\jackson-core\2.14.2\jackson-core-2.14.2.jar;C:\Users\vsubramani\.m2\repository\org\projectlombok\lombok\1.18.26\lombok-1.18.26.jar;C:\Users\vsubramani\.m2\repository\com\exterro\edrm\collector\Confluence-Collector\internal.5.24\Confluence-Collector-internal.5.24.jar;C:\Users\vsubramani\.m2\repository\com\exterro\edrm\collector\collector-api\internal.5.24\collector-api-internal.5.24.jar;C:\Users\vsubramani\.m2\repository\com\exterro\edrm\commons\internal.5.24\commons-internal.5.24.jar;C:\Users\vsubramani\.m2\repository\com\exterro\jcifs\jcifs\1.3.18.b1\jcifs-1.3.18.b1.jar;C:\Users\vsubramani\.m2\repository\javax\servlet\javax.servlet-api\3.1.0\javax.servlet-api-3.1.0.jar;C:\Users\vsubramani\.m2\repository\com\hierynomus\smbj\0.10.0\smbj-0.10.0.jar;C:\Users\vsubramani\.m2\repository\net\engio\mbassador\1.3.0\mbassador-1.3.0.jar;C:\Users\vsubramani\.m2\repository\com\hierynomus\asn-one\0.4.0\asn-one-0.4.0.jar;C:\Users\vsubramani\.m2\repository\com\exterro\fusion\coreSecurity\5.24_02212023\coreSecurity-5.24_02212023.jar;C:\Users\vsubramani\.m2\repository\com\visuality\nq\jnq\2.3.1\jnq-2.3.1.jar;C:\Users\vsubramani\.m2\repository\org\apache\commons\commons-exec\1.3\commons-exec-1.3.jar;C:\Users\vsubramani\.m2\repository\org\apache\commons\commons-compress\1.23.0\commons-compress-1.23.0.jar;C:\Users\vsubramani\.m2\repository\joda-time\joda-time\2.12.5\joda-time-2.12.5.jar;C:\Users\vsubramani\.m2\repository\com\googlecode\concurrentlinkedhashmap\concurrentlinkedhashmap-lru\1.4.2\concurrentlinkedhashmap-lru-1.4.2.jar;C:\Users\vsubramani\.m2\repository\uk\com\robust-it\cloning\1.9.12\cloning-1.9.12.jar;C:\Users\vsubramani\.m2\repository\org\zeroturnaround\zt-exec\1.12\zt-exec-1.12.jar;C:\Users\vsubramani\.m2\repository\org\apache\avro\avro\1.11.1\avro-1.11.1.jar;C:\Users\vsubramani\.m2\repository\org\apache\commons\commons-pool2\2.11.1\commons-pool2-2.11.1.jar;C:\Users\vsubramani\.m2\repository\org\codehaus\jettison\jettison\1.5.4\jettison-1.5.4.jar;C:\Users\vsubramani\.m2\repository\org\json\json\20230227\json-20230227.jar;C:\Users\vsubramani\.m2\repository\com\univocity\univocity-parsers\2.9.1\univocity-parsers-2.9.1.jar;C:\Users\vsubramani\.m2\repository\com\joestelmach\natty\0.13\natty-0.13.jar;C:\Users\vsubramani\.m2\repository\org\antlr\antlr-runtime\3.5.2\antlr-runtime-3.5.2.jar;C:\Users\vsubramani\.m2\repository\org\mnode\ical4j\ical4j\1.0.2\ical4j-1.0.2.jar;C:\Users\vsubramani\.m2\repository\backport-util-concurrent\backport-util-concurrent\3.1\backport-util-concurrent-3.1.jar;C:\Users\vsubramani\.m2\repository\com\exterro\fusion\platformTO\5.24_02212023\platformTO-5.24_02212023.jar;C:\Users\vsubramani\.m2\repository\com\exterro\fusion\platformCommon\5.24_02212023\platformCommon-5.24_02212023.jar;C:\Users\vsubramani\.m2\repository\com\sun\jersey\jersey-bundle\1.19.4\jersey-bundle-1.19.4.jar;C:\Users\vsubramani\.m2\repository\org\bouncycastle\bcprov-jdk15on\1.70\bcprov-jdk15on-1.70.jar;C:\Users\vsubramani\.m2\repository\org\bouncycastle\bcpkix-jdk15on\1.70\bcpkix-jdk15on-1.70.jar;C:\Users\vsubramani\.m2\repository\org\bouncycastle\bcutil-jdk15on\1.70\bcutil-jdk15on-1.70.jar;C:\Users\vsubramani\.m2\repository\org\bouncycastle\bcmail-jdk15on\1.70\bcmail-jdk15on-1.70.jar;C:\Users\vsubramani\.m2\repository\com\googlecode\json-simple\json-simple\1.1.1\json-simple-1.1.1.jar;C:\Users\vsubramani\.m2\repository\com\amazonaws\aws-java-sdk-ec2\1.12.435\aws-java-sdk-ec2-1.12.435.jar;C:\Users\vsubramani\.m2\repository\com\amazonaws\aws-java-sdk-core\1.12.435\aws-java-sdk-core-1.12.435.jar;C:\Users\vsubramani\.m2\repository\software\amazon\ion\ion-java\1.0.2\ion-java-1.0.2.jar;C:\Users\vsubramani\.m2\repository\com\fasterxml\jackson\dataformat\jackson-dataformat-cbor\2.14.2\jackson-dataformat-cbor-2.14.2.jar;C:\Users\vsubramani\.m2\repository\com\amazonaws\jmespath-java\1.12.435\jmespath-java-1.12.435.jar;C:\Users\vsubramani\.m2\repository\com\amazonaws\aws-java-sdk-sts\1.12.435\aws-java-sdk-sts-1.12.435.jar;C:\Users\vsubramani\.m2\repository\com\amazonaws\aws-java-sdk-s3\1.12.435\aws-java-sdk-s3-1.12.435.jar;C:\Users\vsubramani\.m2\repository\com\amazonaws\aws-java-sdk-kms\1.12.435\aws-java-sdk-kms-1.12.435.jar;C:\Users\vsubramani\.m2\repository\com\sun\xml\bind\jaxb-impl\4.0.2\jaxb-impl-4.0.2.jar;C:\Users\vsubramani\.m2\repository\com\sun\xml\bind\jaxb-core\4.0.2\jaxb-core-4.0.2.jar;C:\Users\vsubramani\.m2\repository\org\eclipse\angus\angus-activation\2.0.0\angus-activation-2.0.0.jar;C:\Users\vsubramani\.m2\repository\org\apache\hadoop\hadoop-common\3.3.5\hadoop-common-3.3.5.jar;C:\Users\vsubramani\.m2\repository\org\apache\hadoop\thirdparty\hadoop-shaded-protobuf_3_7\1.1.1\hadoop-shaded-protobuf_3_7-1.1.1.jar;C:\Users\vsubramani\.m2\repository\org\apache\hadoop\hadoop-annotations\3.3.5\hadoop-annotations-3.3.5.jar;C:\Users\vsubramani\.m2\repository\org\apache\hadoop\thirdparty\hadoop-shaded-guava\1.1.1\hadoop-shaded-guava-1.1.1.jar;C:\Users\vsubramani\.m2\repository\commons-net\commons-net\3.9.0\commons-net-3.9.0.jar;C:\Users\vsubramani\.m2\repository\javax\servlet\jsp\jsp-api\2.1\jsp-api-2.1.jar;C:\Users\vsubramani\.m2\repository\com\sun\jersey\jersey-core\1.19.4\jersey-core-1.19.4.jar;C:\Users\vsubramani\.m2\repository\com\sun\jersey\jersey-servlet\1.19.4\jersey-servlet-1.19.4.jar;C:\Users\vsubramani\.m2\repository\com\github\pjfanning\jersey-json\1.20\jersey-json-1.20.jar;C:\Users\vsubramani\.m2\repository\com\sun\jersey\jersey-server\1.19.4\jersey-server-1.19.4.jar;C:\Users\vsubramani\.m2\repository\org\apache\commons\commons-configuration2\2.8.0\commons-configuration2-2.8.0.jar;C:\Users\vsubramani\.m2\repository\com\google\re2j\re2j\1.1\re2j-1.1.jar;C:\Users\vsubramani\.m2\repository\com\google\protobuf\protobuf-java\2.5.0\protobuf-java-2.5.0.jar;C:\Users\vsubramani\.m2\repository\org\apache\hadoop\hadoop-auth\3.3.5\hadoop-auth-3.3.5.jar;C:\Users\vsubramani\.m2\repository\com\nimbusds\nimbus-jose-jwt\9.8.1\nimbus-jose-jwt-9.8.1.jar;C:\Users\vsubramani\.m2\repository\com\github\stephenc\jcip\jcip-annotations\1.0-1\jcip-annotations-1.0-1.jar;C:\Users\vsubramani\.m2\repository\org\apache\kerby\kerb-simplekdc\1.0.1\kerb-simplekdc-1.0.1.jar;C:\Users\vsubramani\.m2\repository\org\apache\kerby\kerb-client\1.0.1\kerb-client-1.0.1.jar;C:\Users\vsubramani\.m2\repository\org\apache\kerby\kerby-config\1.0.1\kerby-config-1.0.1.jar;C:\Users\vsubramani\.m2\repository\org\apache\kerby\kerb-common\1.0.1\kerb-common-1.0.1.jar;C:\Users\vsubramani\.m2\repository\org\apache\kerby\kerb-crypto\1.0.1\kerb-crypto-1.0.1.jar;C:\Users\vsubramani\.m2\repository\org\apache\kerby\kerb-util\1.0.1\kerb-util-1.0.1.jar;C:\Users\vsubramani\.m2\repository\org\apache\kerby\token-provider\1.0.1\token-provider-1.0.1.jar;C:\Users\vsubramani\.m2\repository\org\apache\kerby\kerb-admin\1.0.1\kerb-admin-1.0.1.jar;C:\Users\vsubramani\.m2\repository\org\apache\kerby\kerb-server\1.0.1\kerb-server-1.0.1.jar;C:\Users\vsubramani\.m2\repository\org\apache\kerby\kerb-identity\1.0.1\kerb-identity-1.0.1.jar;C:\Users\vsubramani\.m2\repository\org\apache\kerby\kerby-xdr\1.0.1\kerby-xdr-1.0.1.jar;C:\Users\vsubramani\.m2\repository\com\jcraft\jsch\0.1.55\jsch-0.1.55.jar;C:\Users\vsubramani\.m2\repository\org\apache\curator\curator-client\4.2.0\curator-client-4.2.0.jar;C:\Users\vsubramani\.m2\repository\org\apache\kerby\kerb-core\1.0.1\kerb-core-1.0.1.jar;C:\Users\vsubramani\.m2\repository\org\apache\kerby\kerby-pkix\1.0.1\kerby-pkix-1.0.1.jar;C:\Users\vsubramani\.m2\repository\org\apache\kerby\kerby-asn1\1.0.1\kerby-asn1-1.0.1.jar;C:\Users\vsubramani\.m2\repository\org\apache\kerby\kerby-util\1.0.1\kerby-util-1.0.1.jar;C:\Users\vsubramani\.m2\repository\org\codehaus\woodstox\stax2-api\4.2.1\stax2-api-4.2.1.jar;C:\Users\vsubramani\.m2\repository\dnsjava\dnsjava\2.1.7\dnsjava-2.1.7.jar;C:\Users\vsubramani\.m2\repository\org\xerial\snappy\snappy-java\1.1.8.2\snappy-java-1.1.8.2.jar;C:\Users\vsubramani\.m2\repository\org\apache\commons\commons-text\1.10.0\commons-text-1.10.0.jar;C:\Users\vsubramani\.m2\repository\commons-beanutils\commons-beanutils\1.9.4\commons-beanutils-1.9.4.jar;C:\Users\vsubramani\.m2\repository\org\eclipse\jetty\jetty-servlet\11.0.15\jetty-servlet-11.0.15.jar;C:\Users\vsubramani\.m2\repository\org\eclipse\jetty\jetty-security\11.0.15\jetty-security-11.0.15.jar;C:\Users\vsubramani\.m2\repository\org\eclipse\jetty\jetty-webapp\11.0.15\jetty-webapp-11.0.15.jar;C:\Users\vsubramani\.m2\repository\org\eclipse\jetty\jetty-xml\11.0.15\jetty-xml-11.0.15.jar;C:\Users\vsubramani\.m2\repository\org\eclipse\jetty\jetty-server\11.0.15\jetty-server-11.0.15.jar;C:\Users\vsubramani\.m2\repository\org\eclipse\jetty\toolchain\jetty-jakarta-servlet-api\5.0.2\jetty-jakarta-servlet-api-5.0.2.jar;C:\Users\vsubramani\.m2\repository\com\fasterxml\woodstox\woodstox-core\6.5.1\woodstox-core-6.5.1.jar;C:\Users\vsubramani\.m2\repository\com\exterro\fusion\exterro-custom-esapi\5.24_02212023\exterro-custom-esapi-5.24_02212023.jar;C:\Users\vsubramani\.m2\repository\com\google\cloud\google-cloud-compute\1.23.0\google-cloud-compute-1.23.0.jar;C:\Users\vsubramani\.m2\repository\com\google\api\api-common\2.6.3\api-common-2.6.3.jar;C:\Users\vsubramani\.m2\repository\com\google\auto\value\auto-value-annotations\1.10.1\auto-value-annotations-1.10.1.jar;C:\Users\vsubramani\.m2\repository\com\google\auto\value\auto-value\1.10.1\auto-value-1.10.1.jar;C:\Users\vsubramani\.m2\repository\javax\annotation\javax.annotation-api\1.3.2\javax.annotation-api-1.3.2.jar;C:\Users\vsubramani\.m2\repository\com\google\api\grpc\proto-google-cloud-compute-v1\1.23.0\proto-google-cloud-compute-v1-1.23.0.jar;C:\Users\vsubramani\.m2\repository\com\google\api\gax\2.23.3\gax-2.23.3.jar;C:\Users\vsubramani\.m2\repository\com\google\auth\google-auth-library-credentials\1.16.0\google-auth-library-credentials-1.16.0.jar;C:\Users\vsubramani\.m2\repository\io\opencensus\opencensus-api\0.31.1\opencensus-api-0.31.1.jar;C:\Users\vsubramani\.m2\repository\io\grpc\grpc-context\1.53.0\grpc-context-1.53.0.jar;C:\Users\vsubramani\.m2\repository\com\google\auth\google-auth-library-oauth2-http\1.16.0\google-auth-library-oauth2-http-1.16.0.jar;C:\Users\vsubramani\.m2\repository\com\google\api\gax-grpc\2.23.3\gax-grpc-2.23.3.jar;C:\Users\vsubramani\.m2\repository\io\grpc\grpc-api\1.53.0\grpc-api-1.53.0.jar;C:\Users\vsubramani\.m2\repository\io\grpc\grpc-alts\1.53.0\grpc-alts-1.53.0.jar;C:\Users\vsubramani\.m2\repository\io\grpc\grpc-grpclb\1.53.0\grpc-grpclb-1.53.0.jar;C:\Users\vsubramani\.m2\repository\org\conscrypt\conscrypt-openjdk-uber\2.5.2\conscrypt-openjdk-uber-2.5.2.jar;C:\Users\vsubramani\.m2\repository\io\grpc\grpc-auth\1.53.0\grpc-auth-1.53.0.jar;C:\Users\vsubramani\.m2\repository\io\grpc\grpc-protobuf\1.53.0\grpc-protobuf-1.53.0.jar;C:\Users\vsubramani\.m2\repository\io\grpc\grpc-protobuf-lite\1.53.0\grpc-protobuf-lite-1.53.0.jar;C:\Users\vsubramani\.m2\repository\io\grpc\grpc-stub\1.53.0\grpc-stub-1.53.0.jar;C:\Users\vsubramani\.m2\repository\io\grpc\grpc-netty-shaded\1.53.0\grpc-netty-shaded-1.53.0.jar;C:\Users\vsubramani\.m2\repository\io\perfmark\perfmark-api\0.26.0\perfmark-api-0.26.0.jar;C:\Users\vsubramani\.m2\repository\io\grpc\grpc-core\1.53.0\grpc-core-1.53.0.jar;C:\Users\vsubramani\.m2\repository\com\google\android\annotations\4.1.1.4\annotations-4.1.1.4.jar;C:\Users\vsubramani\.m2\repository\org\codehaus\mojo\animal-sniffer-annotations\1.22\animal-sniffer-annotations-1.22.jar;C:\Users\vsubramani\.m2\repository\io\grpc\grpc-googleapis\1.53.0\grpc-googleapis-1.53.0.jar;C:\Users\vsubramani\.m2\repository\io\grpc\grpc-xds\1.53.0\grpc-xds-1.53.0.jar;C:\Users\vsubramani\.m2\repository\io\opencensus\opencensus-proto\0.2.0\opencensus-proto-0.2.0.jar;C:\Users\vsubramani\.m2\repository\io\grpc\grpc-services\1.53.0\grpc-services-1.53.0.jar;C:\Users\vsubramani\.m2\repository\com\google\api\gax-httpjson\0.108.3\gax-httpjson-0.108.3.jar;C:\Users\vsubramani\.m2\repository\com\google\http-client\google-http-client\1.43.1\google-http-client-1.43.1.jar;C:\Users\vsubramani\.m2\repository\io\opencensus\opencensus-contrib-http-util\0.31.1\opencensus-contrib-http-util-0.31.1.jar;C:\Users\vsubramani\.m2\repository\com\google\http-client\google-http-client-gson\1.43.1\google-http-client-gson-1.43.1.jar;C:\Users\vsubramani\.m2\repository\com\google\protobuf\protobuf-java-util\3.21.12\protobuf-java-util-3.21.12.jar;C:\Users\vsubramani\.m2\repository\org\threeten\threetenbp\1.6.5\threetenbp-1.6.5.jar;C:\Users\vsubramani\.m2\repository\com\google\api\grpc\proto-google-common-protos\2.14.3\proto-google-common-protos-2.14.3.jar;C:\Users\vsubramani\.m2\repository\com\google\api-client\google-api-client\2.2.0\google-api-client-2.2.0.jar;C:\Users\vsubramani\.m2\repository\com\google\http-client\google-http-client-apache-v2\1.42.3\google-http-client-apache-v2-1.42.3.jar;C:\Users\vsubramani\.m2\repository\com\google\oauth-client\google-oauth-client\1.33.3\google-oauth-client-1.33.3.jar;C:\Users\vsubramani\.m2\repository\com\google\apis\google-api-services-compute\v1-rev20230307-2.0.0\google-api-services-compute-v1-rev20230307-2.0.0.jar;C:\Users\vsubramani\.m2\repository\com\squareup\okhttp3\okhttp\4.10.0\okhttp-4.10.0.jar;C:\Users\vsubramani\.m2\repository\com\squareup\okio\okio-jvm\3.0.0\okio-jvm-3.0.0.jar;C:\Users\vsubramani\.m2\repository\org\jetbrains\kotlin\kotlin-stdlib-jdk8\1.7.22\kotlin-stdlib-jdk8-1.7.22.jar;C:\Users\vsubramani\.m2\repository\org\jetbrains\kotlin\kotlin-stdlib-jdk7\1.7.22\kotlin-stdlib-jdk7-1.7.22.jar;C:\Users\vsubramani\.m2\repository\org\jetbrains\kotlin\kotlin-stdlib-common\1.7.22\kotlin-stdlib-common-1.7.22.jar;C:\Users\vsubramani\.m2\repository\org\jetbrains\kotlin\kotlin-stdlib\1.7.22\kotlin-stdlib-1.7.22.jar;C:\Users\vsubramani\.m2\repository\org\jetbrains\annotations\13.0\annotations-13.0.jar;C:\Users\vsubramani\.m2\repository\com\google\http-client\google-http-client-jackson2\1.40.1\google-http-client-jackson2-1.40.1.jar;C:\Users\vsubramani\.m2\repository\com\exterro\edrm\collector\collector-common\internal.5.24\collector-common-internal.5.24.jar;C:\Users\vsubramani\.m2\repository\com\exterro\edrm\nativestore\nativestore-api\internal.5.24\nativestore-api-internal.5.24.jar;C:\Users\vsubramani\.m2\repository\com\profesorfalken\jPowerShell\3.1.1.e7\jPowerShell-3.1.1.e7.jar;C:\Users\vsubramani\.m2\repository\org\jsoup\jsoup\1.15.4\jsoup-1.15.4.jar;C:\Users\vsubramani\.m2\repository\com\exterro\edrm\collector\collector-core\internal.5.24\collector-core-internal.5.24.jar;C:\Users\vsubramani\.m2\repository\com\exterro\edrm\collector\core-services\internal.5.24\core-services-internal.5.24.jar;C:\Users\vsubramani\.m2\repository\org\apache\tika\tika-core\2.8.0\tika-core-2.8.0.jar;C:\Users\vsubramani\.m2\repository\org\apache\xmlbeans\xmlbeans\5.1.1\xmlbeans-5.1.1.jar;C:\Users\vsubramani\.m2\repository\org\apache\tika\tika-parsers-standard-package\2.8.0\tika-parsers-standard-package-2.8.0.jar;C:\Users\vsubramani\.m2\repository\org\apache\tika\tika-parser-apple-module\2.8.0\tika-parser-apple-module-2.8.0.jar;C:\Users\vsubramani\.m2\repository\org\apache\tika\tika-parser-zip-commons\2.8.0\tika-parser-zip-commons-2.8.0.jar;C:\Users\vsubramani\.m2\repository\com\googlecode\plist\dd-plist\1.27\dd-plist-1.27.jar;C:\Users\vsubramani\.m2\repository\org\apache\tika\tika-parser-audiovideo-module\2.8.0\tika-parser-audiovideo-module-2.8.0.jar;C:\Users\vsubramani\.m2\repository\org\apache\tika\tika-parser-cad-module\2.8.0\tika-parser-cad-module-2.8.0.jar;C:\Users\vsubramani\.m2\repository\org\apache\tika\tika-parser-code-module\2.8.0\tika-parser-code-module-2.8.0.jar;C:\Users\vsubramani\.m2\repository\org\codelibs\jhighlight\1.1.0\jhighlight-1.1.0.jar;C:\Users\vsubramani\.m2\repository\org\ccil\cowan\tagsoup\tagsoup\1.2.1\tagsoup-1.2.1.jar;C:\Users\vsubramani\.m2\repository\com\epam\parso\2.0.14\parso-2.0.14.jar;C:\Users\vsubramani\.m2\repository\org\tallison\jmatio\1.5\jmatio-1.5.jar;C:\Users\vsubramani\.m2\repository\org\apache\tika\tika-parser-crypto-module\2.8.0\tika-parser-crypto-module-2.8.0.jar;C:\Users\vsubramani\.m2\repository\org\bouncycastle\bcmail-jdk18on\1.73\bcmail-jdk18on-1.73.jar;C:\Users\vsubramani\.m2\repository\org\bouncycastle\bcutil-jdk18on\1.73\bcutil-jdk18on-1.73.jar;C:\Users\vsubramani\.m2\repository\org\bouncycastle\bcpkix-jdk18on\1.73\bcpkix-jdk18on-1.73.jar;C:\Users\vsubramani\.m2\repository\org\bouncycastle\bcprov-jdk18on\1.73\bcprov-jdk18on-1.73.jar;C:\Users\vsubramani\.m2\repository\org\apache\tika\tika-parser-digest-commons\2.8.0\tika-parser-digest-commons-2.8.0.jar;C:\Users\vsubramani\.m2\repository\org\apache\tika\tika-parser-font-module\2.8.0\tika-parser-font-module-2.8.0.jar;C:\Users\vsubramani\.m2\repository\org\apache\tika\tika-parser-html-module\2.8.0\tika-parser-html-module-2.8.0.jar;C:\Users\vsubramani\.m2\repository\org\apache\tika\tika-parser-image-module\2.8.0\tika-parser-image-module-2.8.0.jar;C:\Users\vsubramani\.m2\repository\com\github\jai-imageio\jai-imageio-core\1.4.0\jai-imageio-core-1.4.0.jar;C:\Users\vsubramani\.m2\repository\org\apache\pdfbox\jbig2-imageio\3.0.4\jbig2-imageio-3.0.4.jar;C:\Users\vsubramani\.m2\repository\org\apache\tika\tika-parser-mail-module\2.8.0\tika-parser-mail-module-2.8.0.jar;C:\Users\vsubramani\.m2\repository\org\apache\tika\tika-parser-mail-commons\2.8.0\tika-parser-mail-commons-2.8.0.jar;C:\Users\vsubramani\.m2\repository\org\apache\james\apache-mime4j-dom\0.8.9\apache-mime4j-dom-0.8.9.jar;C:\Users\vsubramani\.m2\repository\org\apache\tika\tika-parser-microsoft-module\2.8.0\tika-parser-microsoft-module-2.8.0.jar;C:\Users\vsubramani\.m2\repository\com\pff\java-libpst\0.9.3\java-libpst-0.9.3.jar;C:\Users\vsubramani\.m2\repository\org\apache\poi\poi-scratchpad\5.2.3\poi-scratchpad-5.2.3.jar;C:\Users\vsubramani\.m2\repository\org\apache\poi\poi-ooxml\5.2.3\poi-ooxml-5.2.3.jar;C:\Users\vsubramani\.m2\repository\org\apache\poi\poi-ooxml-lite\5.2.3\poi-ooxml-lite-5.2.3.jar;C:\Users\vsubramani\.m2\repository\com\github\virtuald\curvesapi\1.07\curvesapi-1.07.jar;C:\Users\vsubramani\.m2\repository\com\healthmarketscience\jackcess\jackcess\4.0.5\jackcess-4.0.5.jar;C:\Users\vsubramani\.m2\repository\com\healthmarketscience\jackcess\jackcess-encrypt\4.0.2\jackcess-encrypt-4.0.2.jar;C:\Users\vsubramani\.m2\repository\org\apache\tika\tika-parser-miscoffice-module\2.8.0\tika-parser-miscoffice-module-2.8.0.jar;C:\Users\vsubramani\.m2\repository\org\glassfish\jaxb\jaxb-runtime\4.0.2\jaxb-runtime-4.0.2.jar;C:\Users\vsubramani\.m2\repository\org\glassfish\jaxb\jaxb-core\4.0.2\jaxb-core-4.0.2.jar;C:\Users\vsubramani\.m2\repository\org\glassfish\jaxb\txw2\4.0.2\txw2-4.0.2.jar;C:\Users\vsubramani\.m2\repository\com\sun\istack\istack-commons-runtime\4.1.1\istack-commons-runtime-4.1.1.jar;C:\Users\vsubramani\.m2\repository\org\apache\tika\tika-parser-news-module\2.8.0\tika-parser-news-module-2.8.0.jar;C:\Users\vsubramani\.m2\repository\com\rometools\rome\1.19.0\rome-1.19.0.jar;C:\Users\vsubramani\.m2\repository\com\rometools\rome-utils\1.19.0\rome-utils-1.19.0.jar;C:\Users\vsubramani\.m2\repository\org\apache\tika\tika-parser-ocr-module\2.8.0\tika-parser-ocr-module-2.8.0.jar;C:\Users\vsubramani\.m2\repository\org\apache\tika\tika-parser-pdf-module\2.8.0\tika-parser-pdf-module-2.8.0.jar;C:\Users\vsubramani\.m2\repository\org\apache\pdfbox\pdfbox-tools\2.0.28\pdfbox-tools-2.0.28.jar;C:\Users\vsubramani\.m2\repository\org\apache\pdfbox\jempbox\1.8.17\jempbox-1.8.17.jar;C:\Users\vsubramani\.m2\repository\org\apache\tika\tika-parser-pkg-module\2.8.0\tika-parser-pkg-module-2.8.0.jar;C:\Users\vsubramani\.m2\repository\org\brotli\dec\0.1.2\dec-0.1.2.jar;C:\Users\vsubramani\.m2\repository\org\apache\tika\tika-parser-text-module\2.8.0\tika-parser-text-module-2.8.0.jar;C:\Users\vsubramani\.m2\repository\com\github\albfernandez\juniversalchardet\2.4.0\juniversalchardet-2.4.0.jar;C:\Users\vsubramani\.m2\repository\org\apache\commons\commons-csv\1.10.0\commons-csv-1.10.0.jar;C:\Users\vsubramani\.m2\repository\org\apache\tika\tika-parser-webarchive-module\2.8.0\tika-parser-webarchive-module-2.8.0.jar;C:\Users\vsubramani\.m2\repository\org\netpreserve\jwarc\0.21.0\jwarc-0.21.0.jar;C:\Users\vsubramani\.m2\repository\org\apache\tika\tika-parser-xml-module\2.8.0\tika-parser-xml-module-2.8.0.jar;C:\Users\vsubramani\.m2\repository\org\apache\tika\tika-parser-xmp-commons\2.8.0\tika-parser-xmp-commons-2.8.0.jar;C:\Users\vsubramani\.m2\repository\org\apache\pdfbox\xmpbox\2.0.28\xmpbox-2.0.28.jar;C:\Users\vsubramani\.m2\repository\org\gagravarr\vorbis-java-tika\0.8\vorbis-java-tika-0.8.jar;C:\Users\vsubramani\.m2\repository\org\gagravarr\vorbis-java-core\0.8\vorbis-java-core-0.8.jar;C:\Users\vsubramani\.m2\repository\com\drewnoakes\metadata-extractor\2.18.0\metadata-extractor-2.18.0.jar;C:\Users\vsubramani\.m2\repository\com\adobe\xmp\xmpcore\6.1.11\xmpcore-6.1.11.jar;C:\Users\vsubramani\.m2\repository\org\jdom\jdom2\2.0.6.1\jdom2-2.0.6.1.jar;C:\Users\vsubramani\.m2\repository\com\github\junrar\junrar\7.5.4\junrar-7.5.4.jar;C:\Users\vsubramani\.m2\repository\xerces\xercesImpl\2.12.2\xercesImpl-2.12.2.jar;C:\Users\vsubramani\.m2\repository\xml-apis\xml-apis\1.4.01\xml-apis-1.4.01.jar;C:\Users\vsubramani\.m2\repository\com\exterro\edrm\indexstore\indexstore-api\internal.5.24\indexstore-api-internal.5.24.jar;C:\Users\vsubramani\.m2\repository\com\exterro\edrm\externals\langdetect\1.3.1\langdetect-1.3.1.jar;C:\Users\vsubramani\.m2\repository\com\exterro\edrm\collector\redis\internal.5.24\redis-internal.5.24.jar;C:\Users\vsubramani\.m2\repository\com\exterro\edrm\k2contentstore-api\internal.5.24\k2contentstore-api-internal.5.24.jar;C:\Users\vsubramani\.m2\repository\com\amazonaws\aws-java-sdk-dynamodb\1.12.435\aws-java-sdk-dynamodb-1.12.435.jar;C:\Users\vsubramani\.m2\repository\com\exterro\logger\logger-coc-api\internal.5.24\logger-coc-api-internal.5.24.jar;C:\Users\vsubramani\.m2\repository\com\exterro\edrm\data\management\to\dataManagementTO\internal.5.24\dataManagementTO-internal.5.24.jar;C:\Users\vsubramani\.m2\repository\com\exterro\fusion\coreTO\5.24_02212023\coreTO-5.24_02212023.jar;C:\Users\vsubramani\.m2\repository\org\hibernate\javax\persistence\hibernate-jpa-2.0-api\1.0.1.Final\hibernate-jpa-2.0-api-1.0.1.Final.jar;C:\Users\vsubramani\.m2\repository\com\exterro\logger\logger-coc-core-cql3\internal.5.24\logger-coc-core-cql3-internal.5.24.jar;C:\Users\vsubramani\.m2\repository\com\datastax\cassandra\cassandra-driver-core\3.11.3\cassandra-driver-core-3.11.3.jar;C:\Users\vsubramani\.m2\repository\io\dropwizard\metrics\metrics-core\4.2.18\metrics-core-4.2.18.jar;C:\Users\vsubramani\.m2\repository\com\github\jnr\jnr-ffi\2.1.7\jnr-ffi-2.1.7.jar;C:\Users\vsubramani\.m2\repository\com\github\jnr\jffi\1.2.16\jffi-1.2.16.jar;C:\Users\vsubramani\.m2\repository\com\github\jnr\jffi\1.2.16\jffi-1.2.16-native.jar;C:\Users\vsubramani\.m2\repository\org\ow2\asm\asm-commons\5.0.3\asm-commons-5.0.3.jar;C:\Users\vsubramani\.m2\repository\org\ow2\asm\asm-analysis\5.0.3\asm-analysis-5.0.3.jar;C:\Users\vsubramani\.m2\repository\org\ow2\asm\asm-tree\5.0.3\asm-tree-5.0.3.jar;C:\Users\vsubramani\.m2\repository\org\ow2\asm\asm-util\5.0.3\asm-util-5.0.3.jar;C:\Users\vsubramani\.m2\repository\com\github\jnr\jnr-x86asm\1.0.2\jnr-x86asm-1.0.2.jar;C:\Users\vsubramani\.m2\repository\com\github\jnr\jnr-posix\3.1.16\jnr-posix-3.1.16.jar;C:\Users\vsubramani\.m2\repository\com\github\jnr\jnr-constants\0.10.4\jnr-constants-0.10.4.jar;C:\Users\vsubramani\.m2\repository\com\datastax\cassandra\cassandra-driver-extras\3.11.3\cassandra-driver-extras-3.11.3.jar;C:\Users\vsubramani\.m2\repository\com\datastax\cassandra\cassandra-driver-mapping\3.11.3\cassandra-driver-mapping-3.11.3.jar;C:\Users\vsubramani\.m2\repository\com\exterro\edrm\production\production-common\internal.5.24\production-common-internal.5.24.jar;C:\Users\vsubramani\.m2\repository\com\itextpdf\itextpdf\5.5.13.3\itextpdf-5.5.13.3.jar;C:\Users\vsubramani\.m2\repository\com\aspose\aspose-email\21.3\aspose-email-21.3-jdk16.jar;C:\Users\vsubramani\.m2\repository\com\itextpdf\itext-licensekey\3.0.0\itext-licensekey-3.0.0.jar;C:\Users\vsubramani\.m2\repository\org\atteo\xml-combiner\3.0.0\xml-combiner-3.0.0.jar;C:\Users\vsubramani\.m2\repository\com\opencsv\opencsv\5.7.1\opencsv-5.7.1.jar;C:\Users\vsubramani\.m2\repository\org\apache\commons\commons-collections4\4.4\commons-collections4-4.4.jar;C:\Users\vsubramani\.m2\repository\io\netty\netty-all\4.1.91.Final\netty-all-4.1.91.Final.jar;C:\Users\vsubramani\.m2\repository\io\netty\netty-codec-dns\4.1.91.Final\netty-codec-dns-4.1.91.Final.jar;C:\Users\vsubramani\.m2\repository\io\netty\netty-codec-haproxy\4.1.91.Final\netty-codec-haproxy-4.1.91.Final.jar;C:\Users\vsubramani\.m2\repository\io\netty\netty-codec-http\4.1.91.Final\netty-codec-http-4.1.91.Final.jar;C:\Users\vsubramani\.m2\repository\io\netty\netty-codec-http2\4.1.91.Final\netty-codec-http2-4.1.91.Final.jar;C:\Users\vsubramani\.m2\repository\io\netty\netty-codec-memcache\4.1.91.Final\netty-codec-memcache-4.1.91.Final.jar;C:\Users\vsubramani\.m2\repository\io\netty\netty-codec-mqtt\4.1.91.Final\netty-codec-mqtt-4.1.91.Final.jar;C:\Users\vsubramani\.m2\repository\io\netty\netty-codec-redis\4.1.91.Final\netty-codec-redis-4.1.91.Final.jar;C:\Users\vsubramani\.m2\repository\io\netty\netty-codec-smtp\4.1.91.Final\netty-codec-smtp-4.1.91.Final.jar;C:\Users\vsubramani\.m2\repository\io\netty\netty-codec-socks\4.1.91.Final\netty-codec-socks-4.1.91.Final.jar;C:\Users\vsubramani\.m2\repository\io\netty\netty-codec-stomp\4.1.91.Final\netty-codec-stomp-4.1.91.Final.jar;C:\Users\vsubramani\.m2\repository\io\netty\netty-codec-xml\4.1.91.Final\netty-codec-xml-4.1.91.Final.jar;C:\Users\vsubramani\.m2\repository\io\netty\netty-handler-proxy\4.1.91.Final\netty-handler-proxy-4.1.91.Final.jar;C:\Users\vsubramani\.m2\repository\io\netty\netty-handler-ssl-ocsp\4.1.91.Final\netty-handler-ssl-ocsp-4.1.91.Final.jar;C:\Users\vsubramani\.m2\repository\io\netty\netty-resolver-dns\4.1.91.Final\netty-resolver-dns-4.1.91.Final.jar;C:\Users\vsubramani\.m2\repository\io\netty\netty-transport-rxtx\4.1.91.Final\netty-transport-rxtx-4.1.91.Final.jar;C:\Users\vsubramani\.m2\repository\io\netty\netty-transport-sctp\4.1.91.Final\netty-transport-sctp-4.1.91.Final.jar;C:\Users\vsubramani\.m2\repository\io\netty\netty-transport-udt\4.1.91.Final\netty-transport-udt-4.1.91.Final.jar;C:\Users\vsubramani\.m2\repository\io\netty\netty-transport-classes-kqueue\4.1.91.Final\netty-transport-classes-kqueue-4.1.91.Final.jar;C:\Users\vsubramani\.m2\repository\io\netty\netty-resolver-dns-classes-macos\4.1.91.Final\netty-resolver-dns-classes-macos-4.1.91.Final.jar;C:\Users\vsubramani\.m2\repository\io\netty\netty-transport-native-epoll\4.1.91.Final\netty-transport-native-epoll-4.1.91.Final-linux-x86_64.jar;C:\Users\vsubramani\.m2\repository\io\netty\netty-transport-native-epoll\4.1.91.Final\netty-transport-native-epoll-4.1.91.Final-linux-aarch_64.jar;C:\Users\vsubramani\.m2\repository\io\netty\netty-transport-native-kqueue\4.1.91.Final\netty-transport-native-kqueue-4.1.91.Final-osx-x86_64.jar;C:\Users\vsubramani\.m2\repository\io\netty\netty-transport-native-kqueue\4.1.91.Final\netty-transport-native-kqueue-4.1.91.Final-osx-aarch_64.jar;C:\Users\vsubramani\.m2\repository\io\netty\netty-resolver-dns-native-macos\4.1.91.Final\netty-resolver-dns-native-macos-4.1.91.Final-osx-x86_64.jar;C:\Users\vsubramani\.m2\repository\io\netty\netty-resolver-dns-native-macos\4.1.91.Final\netty-resolver-dns-native-macos-4.1.91.Final-osx-aarch_64.jar;C:\Users\vsubramani\.m2\repository\com\github\ben-manes\caffeine\caffeine\3.1.6\caffeine-3.1.6.jar;C:\Users\vsubramani\.m2\repository\com\exterro\edrm\healthservice-client\internal.5.24\healthservice-client-internal.5.24.jar;C:\Users\vsubramani\.m2\repository\com\exterro\edrm\jpst\1.0-licensed\jpst-1.0-licensed.jar;C:\Users\vsubramani\.m2\repository\com\exterro\edrm\bandwidth-coordinator\internal.5.24\bandwidth-coordinator-internal.5.24.jar;C:\Users\vsubramani\.m2\repository\com\google\guava\guava\31.1-jre\guava-31.1-jre.jar;C:\Users\vsubramani\.m2\repository\com\google\guava\failureaccess\1.0.1\failureaccess-1.0.1.jar;C:\Users\vsubramani\.m2\repository\com\google\guava\listenablefuture\9999.0-empty-to-avoid-conflict-with-guava\listenablefuture-9999.0-empty-to-avoid-conflict-with-guava.jar;C:\Users\vsubramani\.m2\repository\com\google\code\findbugs\jsr305\3.0.2\jsr305-3.0.2.jar;C:\Users\vsubramani\.m2\repository\org\checkerframework\checker-qual\3.12.0\checker-qual-3.12.0.jar;C:\Users\vsubramani\.m2\repository\com\google\errorprone\error_prone_annotations\2.11.0\error_prone_annotations-2.11.0.jar;C:\Users\vsubramani\.m2\repository\com\google\j2objc\j2objc-annotations\1.3\j2objc-annotations-1.3.jar;C:\Users\vsubramani\.m2\repository\redis\clients\jedis\4.3.2\jedis-4.3.2.jar;C:\Users\vsubramani\.m2\repository\com\exterro\edrm\collector\dedupeservice\internal.5.24\dedupeservice-internal.5.24.jar;C:\Users\vsubramani\.m2\repository\com\exterro\edrm\collector\hashcalculator-servce\internal.5.24\hashcalculator-servce-internal.5.24.jar;C:\Users\vsubramani\.m2\repository\com\exterro\edrm\collector\denist-service\internal.5.24\denist-service-internal.5.24.jar;C:\Users\vsubramani\.m2\repository\org\apache\lucene\lucene-core\7.7.2\lucene-core-7.7.2.jar;C:\Users\vsubramani\.m2\repository\org\apache\lucene\lucene-analyzers-common\7.7.2\lucene-analyzers-common-7.7.2.jar;C:\Users\vsubramani\.m2\repository\org\apache\lucene\lucene-queryparser\7.7.2\lucene-queryparser-7.7.2.jar;C:\Users\vsubramani\.m2\repository\com\exterro\edrm\collector\collector-processor\internal.5.24\collector-processor-internal.5.24.jar;C:\Users\vsubramani\.m2\repository\org\apache\flume\flume-ng-core\1.11.0\flume-ng-core-1.11.0.jar;C:\Users\vsubramani\.m2\repository\org\apache\flume\flume-ng-sdk\1.11.0\flume-ng-sdk-1.11.0.jar;C:\Users\vsubramani\.m2\repository\org\apache\flume\flume-ng-configuration\1.11.0\flume-ng-configuration-1.11.0.jar;C:\Users\vsubramani\.m2\repository\org\apache\flume\flume-ng-config-filter-api\1.11.0\flume-ng-config-filter-api-1.11.0.jar;C:\Users\vsubramani\.m2\repository\org\apache\flume\flume-ng-auth\1.11.0\flume-ng-auth-1.11.0.jar;C:\Users\vsubramani\.m2\repository\com\jcraft\jzlib\1.1.3\jzlib-1.1.3.jar;C:\Users\vsubramani\.m2\repository\commons-cli\commons-cli\1.5.0\commons-cli-1.5.0.jar;C:\Users\vsubramani\.m2\repository\org\apache\avro\avro-ipc-netty\1.11.0\avro-ipc-netty-1.11.0.jar;C:\Users\vsubramani\.m2\repository\org\apache\avro\avro-ipc\1.11.0\avro-ipc-1.11.0.jar;C:\Users\vsubramani\.m2\repository\org\apache\velocity\velocity-engine-core\2.3\velocity-engine-core-2.3.jar;C:\Users\vsubramani\.m2\repository\org\tukaani\xz\1.9\xz-1.9.jar;C:\Users\vsubramani\.m2\repository\com\github\luben\zstd-jni\1.5.0-4\zstd-jni-1.5.0-4.jar;C:\Users\vsubramani\.m2\repository\org\apache\thrift\libthrift\0.14.1\libthrift-0.14.1.jar;C:\Users\vsubramani\.m2\repository\org\apache\mina\mina-core\2.1.5\mina-core-2.1.5.jar;C:\Users\vsubramani\.m2\repository\org\eclipse\jetty\jetty-jmx\11.0.15\jetty-jmx-11.0.15.jar;C:\Users\vsubramani\.m2\repository\org\apache\flume\flume-ng-node\1.11.0\flume-ng-node-1.11.0.jar;C:\Users\vsubramani\.m2\repository\org\apache\flume\flume-ng-sinks\flume-hdfs-sink\1.11.0\flume-hdfs-sink-1.11.0.jar;C:\Users\vsubramani\.m2\repository\org\apache\flume\flume-ng-sinks\flume-irc-sink\1.11.0\flume-irc-sink-1.11.0.jar;C:\Users\vsubramani\.m2\repository\org\schwering\irclib\1.10\irclib-1.10.jar;C:\Users\vsubramani\.m2\repository\org\apache\flume\flume-ng-channels\flume-jdbc-channel\1.11.0\flume-jdbc-channel-1.11.0.jar;C:\Users\vsubramani\.m2\repository\commons-dbcp\commons-dbcp\1.4\commons-dbcp-1.4.jar;C:\Users\vsubramani\.m2\repository\commons-pool\commons-pool\1.6\commons-pool-1.6.jar;C:\Users\vsubramani\.m2\repository\org\apache\derby\derby\10.16.1.1\derby-10.16.1.1.jar;C:\Users\vsubramani\.m2\repository\org\apache\derby\derbyshared\10.16.1.1\derbyshared-10.16.1.1.jar;C:\Users\vsubramani\.m2\repository\org\apache\flume\flume-ng-channels\flume-file-channel\1.11.0\flume-file-channel-1.11.0.jar;C:\Users\vsubramani\.m2\repository\org\mapdb\mapdb\0.9.9\mapdb-0.9.9.jar;C:\Users\vsubramani\.m2\repository\org\apache\flume\flume-ng-channels\flume-spillable-memory-channel\1.11.0\flume-spillable-memory-channel-1.11.0.jar;C:\Users\vsubramani\.m2\repository\org\apache\curator\curator-framework\5.1.0\curator-framework-5.1.0.jar;C:\Users\vsubramani\.m2\repository\org\apache\curator\curator-recipes\5.1.0\curator-recipes-5.1.0.jar;C:\Users\vsubramani\.m2\repository\com\esotericsoftware\kryo\4.0.2\kryo-4.0.2.jar;C:\Users\vsubramani\.m2\repository\com\esotericsoftware\reflectasm\1.11.3\reflectasm-1.11.3.jar;C:\Users\vsubramani\.m2\repository\com\esotericsoftware\minlog\1.3.0\minlog-1.3.0.jar;C:\Users\vsubramani\.m2\repository\com\exterro\edrm\indexstore\indexstore-client\internal.5.24\indexstore-client-internal.5.24.jar;C:\Users\vsubramani\.m2\repository\com\exterro\edrm\nativestore\networkdrive\networkdrive-extension\internal.5.24\networkdrive-extension-internal.5.24.jar;C:\Users\vsubramani\.m2\repository\com\amazonaws\aws-java-sdk-logs\1.12.435\aws-java-sdk-logs-1.12.435.jar;C:\Users\vsubramani\.m2\repository\com\exterro\edrm\ISYS11df\23.2.0.4703\ISYS11df-23.2.0.4703.jar;C:\Users\vsubramani\.m2\repository\com\amazonaws\aws-java-sdk-batch\1.12.435\aws-java-sdk-batch-1.12.435.jar;C:\Users\vsubramani\.m2\repository\com\google\cloud\google-cloud-storage\2.20.2\google-cloud-storage-2.20.2.jar;C:\Users\vsubramani\.m2\repository\com\google\apis\google-api-services-storage\v1-rev20230301-2.0.0\google-api-services-storage-v1-rev20230301-2.0.0.jar;C:\Users\vsubramani\.m2\repository\com\google\cloud\google-cloud-core\2.13.0\google-cloud-core-2.13.0.jar;C:\Users\vsubramani\.m2\repository\com\google\cloud\google-cloud-core-http\2.13.0\google-cloud-core-http-2.13.0.jar;C:\Users\vsubramani\.m2\repository\com\google\http-client\google-http-client-appengine\1.43.1\google-http-client-appengine-1.43.1.jar;C:\Users\vsubramani\.m2\repository\com\google\cloud\google-cloud-core-grpc\2.13.0\google-cloud-core-grpc-2.13.0.jar;C:\Users\vsubramani\.m2\repository\com\google\api\grpc\proto-google-iam-v1\1.9.3\proto-google-iam-v1-1.9.3.jar;C:\Users\vsubramani\.m2\repository\com\google\api\grpc\proto-google-cloud-storage-v2\2.20.2-alpha\proto-google-cloud-storage-v2-2.20.2-alpha.jar;C:\Users\vsubramani\.m2\repository\com\google\api\grpc\grpc-google-cloud-storage-v2\2.20.2-alpha\grpc-google-cloud-storage-v2-2.20.2-alpha.jar;C:\Users\vsubramani\.m2\repository\com\google\api\grpc\gapic-google-cloud-storage-v2\2.20.2-alpha\gapic-google-cloud-storage-v2-2.20.2-alpha.jar;C:\Users\vsubramani\.m2\repository\com\exterro\edrm\nativestore\api\aws\nativestore-api-aws\internal.5.24\nativestore-api-aws-internal.5.24.jar;C:\Users\vsubramani\.m2\repository\com\exterro\edrm\nativestore\api\gcp\nativestore-api-gcp\internal.5.24\nativestore-api-gcp-internal.5.24.jar;C:\Users\vsubramani\.m2\repository\net\lingala\zip4j\zip4j\2.11.5\zip4j-2.11.5.jar;C:\Users\vsubramani\.m2\repository\com\exterro\edrm\collector\basic-search-service\internal.5.24\basic-search-service-internal.5.24.jar;C:\Users\vsubramani\.m2\repository\org\apache\lucene\lucene-sandbox\7.7.2\lucene-sandbox-7.7.2.jar;C:\Users\vsubramani\.m2\repository\net\arnx\jsonic\1.3.10\jsonic-1.3.10.jar;C:\Users\vsubramani\.m2\repository\org\apache\lucene\lucene-queries\7.7.2\lucene-queries-7.7.2.jar;C:\Users\vsubramani\.m2\repository\com\exterro\external\filenet\edcemailconv\2.2.2\edcemailconv-2.2.2.jar;C:\Users\vsubramani\.m2\repository\com\exterro\external\filenet\edclog\2.2.2\edclog-2.2.2.jar;C:\Users\vsubramani\.m2\repository\com\exterro\external\filenet\edcutil\2.2.2\edcutil-2.2.2.jar;C:\Users\vsubramani\.m2\repository\javax\mail\mail\1.4.7\mail-1.4.7.jar;C:\Users\vsubramani\.m2\repository\javax\activation\activation\1.1\activation-1.1.jar;C:\Users\vsubramani\.m2\repository\com\ibm\icu\icu4j\62.2\icu4j-62.2.jar;C:\Users\vsubramani\.m2\repository\com\ibm\icu\icu4j-charset\62.2\icu4j-charset-62.2.jar;C:\Users\vsubramani\.m2\repository\com\exterro\edrm\collector\exterro-connector-driver-api\internal.5.24\exterro-connector-driver-api-internal.5.24.jar;C:\Users\vsubramani\.m2\repository\com\exterro\edrm\connector\exterro-connector-api\1.7\exterro-connector-api-1.7.jar;C:\Users\vsubramani\.m2\repository\com\exterro\edrm\connector\exterro-connector-common\1.10\exterro-connector-common-1.10.jar;C:\Users\vsubramani\.m2\repository\org\apache\pdfbox\pdfbox\2.0.27\pdfbox-2.0.27.jar;C:\Users\vsubramani\.m2\repository\org\apache\pdfbox\fontbox\2.0.27\fontbox-2.0.27.jar;C:\Users\vsubramani\.m2\repository\com\exterro\edrm\connector\confluence-server-connector\1.0.10\confluence-server-connector-1.0.10.jar;C:\Users\vsubramani\.m2\repository\com\google\code\gson\gson\2.9.1\gson-2.9.1.jar;C:\Users\vsubramani\.m2\repository\org\apache\commons\commons-lang3\3.12.0\commons-lang3-3.12.0.jar;C:\Users\vsubramani\.m2\repository\javax\ws\rs\jsr311-api\1.1.1\jsr311-api-1.1.1.jar;C:\Users\vsubramani\.m2\repository\commons-io\commons-io\2.11.0\commons-io-2.11.0.jar;C:\Users\vsubramani\.m2\repository\commons-collections\commons-collections\3.2.2\commons-collections-3.2.2.jar;C:\Users\vsubramani\.m2\repository\commons-validator\commons-validator\1.7\commons-validator-1.7.jar;C:\Users\vsubramani\.m2\repository\commons-digester\commons-digester\2.1\commons-digester-2.1.jar;C:\Users\vsubramani\.m2\repository\commons-lang\commons-lang\2.6\commons-lang-2.6.jar;C:\Users\vsubramani\.m2\repository\org\apache\logging\log4j\log4j-jcl\2.19.0\log4j-jcl-2.19.0.jar;C:\Users\vsubramani\.m2\repository\junit\junit\4.13.2\junit-4.13.2.jar;C:\Users\vsubramani\.m2\repository\org\hamcrest\hamcrest-core\2.2\hamcrest-core-2.2.jar;C:\Users\vsubramani\.m2\repository\commons-logging\commons-logging\1.2\commons-logging-1.2.jar;C:\Users\vsubramani\.m2\repository\org\apache\logging\log4j\log4j-core\2.19.0\log4j-core-2.19.0.jar;C:\Users\vsubramani\.m2\repository\org\apache\logging\log4j\log4j-api\2.19.0\log4j-api-2.19.0.jar;C:\Users\vsubramani\.m2\repository\org\apache\logging\log4j\log4j-1.2-api\2.19.0\log4j-1.2-api-2.19.0.jar;C:\Users\vsubramani\.m2\repository\org\apache\logging\log4j\log4j-slf4j-impl\2.19.0\log4j-slf4j-impl-2.19.0.jar;"/>
    <property name="sun.cpu.endian" value="little"/>
    <property name="user.home" value="C:\Users\vsubramani"/>
    <property name="user.language" value="en"/>
    <property name="java.specification.vendor" value="Oracle Corporation"/>
    <property name="java.version.date" value="2023-04-18"/>
    <property name="java.home" value="C:\Users\vsubramani\.p2\pool\plugins\org.eclipse.justj.openjdk.hotspot.jre.full.win32.x86_64_17.0.7.v20230425-1502\jre"/>
    <property name="file.separator" value="\"/>
    <property name="style.color" value="always"/>
    <property name="basedir" value="D:\LibraryManagementEclipse\SpringBootRelationship-copy3last"/>
    <property name="java.vm.compressedOopsMode" value="Zero based"/>
    <property name="line.separator" value="&#10;"/>
    <property name="java.vm.specification.vendor" value="Oracle Corporation"/>
    <property name="java.specification.name" value="Java Platform API Specification"/>
    <property name="surefire.real.class.path" value="C:\Users\VSUBRA~1\AppData\Local\Temp\surefire5211491901990692700\surefirebooter7006062882960958774.jar"/>
    <property name="user.script" value=""/>
    <property name="sun.management.compiler" value="HotSpot 64-Bit Tiered Compilers"/>
    <property name="java.runtime.version" value="17.0.7+7"/>
    <property name="user.name" value="vsubramani"/>
    <property name="path.separator" value=";"/>
    <property name="os.version" value="10.0"/>
    <property name="java.runtime.name" value="OpenJDK Runtime Environment"/>
    <property name="file.encoding" value="Cp1252"/>
    <property name="java.vm.name" value="OpenJDK 64-Bit Server VM"/>
    <property name="java.vendor.version" value="Temurin-17.0.7+7"/>
    <property name="localRepository" value="C:\Users\vsubramani\.m2\repository"/>
    <property name="java.vendor.url.bug" value="https://github.com/adoptium/adoptium-support/issues"/>
    <property name="java.io.tmpdir" value="C:\Users\VSUBRA~1\AppData\Local\Temp\"/>
    <property name="java.version" value="17.0.7"/>
    <property name="user.dir" value="D:\LibraryManagementEclipse\SpringBootRelationship-copy3last"/>
    <property name="os.arch" value="amd64"/>
    <property name="java.vm.specification.name" value="Java Virtual Machine Specification"/>
    <property name="sun.os.patch.level" value=""/>
    <property name="native.encoding" value="Cp1252"/>
    <property name="java.library.path" value="C:\Users\vsubramani\.p2\pool\plugins\org.eclipse.justj.openjdk.hotspot.jre.full.win32.x86_64_17.0.7.v20230425-1502\jre\bin;C:\Windows\Sun\Java\bin;C:\Windows\system32;C:\Windows;C:/Users/vsubramani/.p2/pool/plugins/org.eclipse.justj.openjdk.hotspot.jre.full.win32.x86_64_17.0.7.v20230425-1502/jre/bin/server;C:/Users/vsubramani/.p2/pool/plugins/org.eclipse.justj.openjdk.hotspot.jre.full.win32.x86_64_17.0.7.v20230425-1502/jre/bin;D:\soft\New folder\bin\;C:\Program Files (x86)\Common Files\Oracle\Java\javapath;C:\Program Files\Microsoft MPI\Bin\;C:\Windows\system32;C:\Windows;C:\Windows\System32\Wbem;C:\Windows\System32\WindowsPowerShell\v1.0\;C:\Windows\System32\OpenSSH\;C:\Program Files\dotnet\;C:\Program Files\PuTTY\;C:\Program Files (x86)\Microsoft SQL Server\160\Tools\Binn\;C:\Program Files\Microsoft SQL Server\160\Tools\Binn\;C:\Program Files\Microsoft SQL Server\Client SDK\ODBC\170\Tools\Binn\;C:\Program Files\Microsoft SQL Server\160\DTS\Binn\;C:\Program Files (x86)\Microsoft SQL Server\160\DTS\Binn\;C:\Program Files\Azure Data Studio\bin;C:\mongo\bin;C:\Program Files\Redis\;D:\soft\;C:\Program Files\TortoiseSVN\bin;C:\Program Files\TortoiseGit\bin;C:\Program Files\Java\jdk1.8.0_202\bin;D:\soft\apache-maven-3.9.2\bin;C:\Program Files\Docker\Docker\resources\bin;D:\soft\apache-cassandra-4.1.2\bin;C:\Users\vsubramani\AppData\Local\Microsoft\WindowsApps;C:\Users\vsubramani\AppData\Local\Programs\Microsoft VS Code\bin;C:\Users\vsubramani\AppData\Roaming\npm;C:\Users\vsubramani\AppData\Local\Programs\Git\cmd;C:\Windows\system32;;."/>
    <property name="java.vm.info" value="mixed mode"/>
    <property name="java.vendor" value="Eclipse Adoptium"/>
    <property name="java.vm.version" value="17.0.7+7"/>
    <property name="sun.io.unicode.encoding" value="UnicodeLittle"/>
    <property name="java.class.version" value="61.0"/>
  </properties>
  <testcase name="contextLoads" classname="com.exterro.SpringBootRelationshipApplicationTests" time="0.963"/>
</testsuite>